[INICIO]
[DATE]24 oct 2005 11:14:09,349
[PRIORIDAD]INFO
[THREAD]main
[MENSAJE]----------------------------------------------------

[INICIO]
[DATE]24 oct 2005 11:14:09,353
[PRIORIDAD]INFO
[THREAD]main
[MENSAJE]Se inicia una nueva ejecución

[INICIO]
[DATE]24 oct 2005 11:24:42,973
[PRIORIDAD]INFO
[THREAD]main
[MENSAJE]----------------------------------------------------

[INICIO]
[DATE]24 oct 2005 11:24:42,978
[PRIORIDAD]INFO
[THREAD]main
[MENSAJE]Se inicia una nueva ejecución

[INICIO]
[DATE]24 oct 2005 11:29:01,166
[PRIORIDAD]INFO
[THREAD]main
[MENSAJE]----------------------------------------------------

[INICIO]
[DATE]24 oct 2005 11:29:01,169
[PRIORIDAD]INFO
[THREAD]main
[MENSAJE]Se inicia una nueva ejecución

[INICIO]
[DATE]24 oct 2005 11:32:15,393
[PRIORIDAD]INFO
[THREAD]main
[MENSAJE]----------------------------------------------------

[INICIO]
[DATE]24 oct 2005 11:32:16,430
[PRIORIDAD]INFO
[THREAD]main
[MENSAJE]Se inicia una nueva ejecución

[INICIO]
[DATE]24 oct 2005 11:35:48,625
[PRIORIDAD]INFO
[THREAD]main
[MENSAJE]----------------------------------------------------

[INICIO]
[DATE]24 oct 2005 11:35:48,629
[PRIORIDAD]INFO
[THREAD]main
[MENSAJE]Se inicia una nueva ejecución

[INICIO]
[DATE]24 oct 2005 13:38:13,176
[PRIORIDAD]INFO
[THREAD]main
[MENSAJE]----------------------------------------------------

[INICIO]
[DATE]24 oct 2005 13:38:13,190
[PRIORIDAD]INFO
[THREAD]main
[MENSAJE]Se inicia una nueva ejecución

[INICIO]
[DATE]24 oct 2005 13:39:55,051
[PRIORIDAD]INFO
[THREAD]main
[MENSAJE]----------------------------------------------------

[INICIO]
[DATE]24 oct 2005 13:39:55,055
[PRIORIDAD]INFO
[THREAD]main
[MENSAJE]Se inicia una nueva ejecución

[INICIO]
[DATE]24 oct 2005 13:42:21,018
[PRIORIDAD]INFO
[THREAD]main
[MENSAJE]----------------------------------------------------

[INICIO]
[DATE]24 oct 2005 13:42:21,021
[PRIORIDAD]INFO
[THREAD]main
[MENSAJE]Se inicia una nueva ejecución

[INICIO]
[DATE]24 oct 2005 13:44:49,236
[PRIORIDAD]INFO
[THREAD]main
[MENSAJE]----------------------------------------------------

[INICIO]
[DATE]24 oct 2005 13:44:49,239
[PRIORIDAD]INFO
[THREAD]main
[MENSAJE]Se inicia una nueva ejecución

[INICIO]
[DATE]24 oct 2005 13:45:54,319
[PRIORIDAD]INFO
[THREAD]main
[MENSAJE]----------------------------------------------------

[INICIO]
[DATE]24 oct 2005 13:45:54,323
[PRIORIDAD]INFO
[THREAD]main
[MENSAJE]Se inicia una nueva ejecución

[INICIO]
[DATE]24 oct 2005 14:00:14,765
[PRIORIDAD]INFO
[THREAD]main
[MENSAJE]----------------------------------------------------

[INICIO]
[DATE]24 oct 2005 14:00:14,769
[PRIORIDAD]INFO
[THREAD]main
[MENSAJE]Se inicia una nueva ejecución

[INICIO]
[DATE]24 oct 2005 14:05:59,289
[PRIORIDAD]INFO
[THREAD]main
[MENSAJE]----------------------------------------------------

[INICIO]
[DATE]24 oct 2005 14:05:59,293
[PRIORIDAD]INFO
[THREAD]main
[MENSAJE]Se inicia una nueva ejecución

[INICIO]
[DATE]24 oct 2005 14:07:27,609
[PRIORIDAD]INFO
[THREAD]main
[MENSAJE]----------------------------------------------------

[INICIO]
[DATE]24 oct 2005 14:07:27,613
[PRIORIDAD]INFO
[THREAD]main
[MENSAJE]Se inicia una nueva ejecución

[INICIO]
[DATE]24 oct 2005 14:08:54,996
[PRIORIDAD]INFO
[THREAD]main
[MENSAJE]----------------------------------------------------

[INICIO]
[DATE]24 oct 2005 14:08:55,000
[PRIORIDAD]INFO
[THREAD]main
[MENSAJE]Se inicia una nueva ejecución

[INICIO]
[DATE]24 oct 2005 14:10:36,087
[PRIORIDAD]INFO
[THREAD]main
[MENSAJE]----------------------------------------------------

[INICIO]
[DATE]24 oct 2005 14:10:36,091
[PRIORIDAD]INFO
[THREAD]main
[MENSAJE]Se inicia una nueva ejecución

[INICIO]
[DATE]24 oct 2005 14:11:19,314
[PRIORIDAD]INFO
[THREAD]main
[MENSAJE]----------------------------------------------------

[INICIO]
[DATE]24 oct 2005 14:11:19,321
[PRIORIDAD]INFO
[THREAD]main
[MENSAJE]Se inicia una nueva ejecución

[INICIO]
[DATE]24 oct 2005 14:13:17,385
[PRIORIDAD]INFO
[THREAD]main
[MENSAJE]----------------------------------------------------

[INICIO]
[DATE]24 oct 2005 14:13:17,388
[PRIORIDAD]INFO
[THREAD]main
[MENSAJE]Se inicia una nueva ejecución

[INICIO]
[DATE]24 oct 2005 14:13:56,654
[PRIORIDAD]INFO
[THREAD]main
[MENSAJE]----------------------------------------------------

[INICIO]
[DATE]24 oct 2005 14:13:56,658
[PRIORIDAD]INFO
[THREAD]main
[MENSAJE]Se inicia una nueva ejecución

[INICIO]
[DATE]24 oct 2005 18:16:13,011
[PRIORIDAD]INFO
[THREAD]main
[MENSAJE]----------------------------------------------------

[INICIO]
[DATE]24 oct 2005 18:16:13,037
[PRIORIDAD]INFO
[THREAD]main
[MENSAJE]Se inicia una nueva ejecución

[INICIO]
[DATE]25 oct 2005 11:14:03,193
[PRIORIDAD]INFO
[THREAD]main
[MENSAJE]----------------------------------------------------

[INICIO]
[DATE]25 oct 2005 11:14:03,221
[PRIORIDAD]INFO
[THREAD]main
[MENSAJE]Se inicia una nueva ejecución

[INICIO]
[DATE]25 oct 2005 11:16:53,550
[PRIORIDAD]INFO
[THREAD]main
[MENSAJE]----------------------------------------------------

[INICIO]
[DATE]25 oct 2005 11:16:53,551
[PRIORIDAD]INFO
[THREAD]main
[MENSAJE]Se inicia una nueva ejecución

[INICIO]
[DATE]25 oct 2005 11:17:54,282
[PRIORIDAD]INFO
[THREAD]main
[MENSAJE]----------------------------------------------------

[INICIO]
[DATE]25 oct 2005 11:17:54,283
[PRIORIDAD]INFO
[THREAD]main
[MENSAJE]Se inicia una nueva ejecución

[INICIO]
[DATE]25 oct 2005 11:20:22,234
[PRIORIDAD]INFO
[THREAD]main
[MENSAJE]----------------------------------------------------

[INICIO]
[DATE]25 oct 2005 11:20:22,235
[PRIORIDAD]INFO
[THREAD]main
[MENSAJE]Se inicia una nueva ejecución

[INICIO]
[DATE]25 oct 2005 11:21:07,754
[PRIORIDAD]INFO
[THREAD]main
[MENSAJE]----------------------------------------------------

[INICIO]
[DATE]25 oct 2005 11:21:07,755
[PRIORIDAD]INFO
[THREAD]main
[MENSAJE]Se inicia una nueva ejecución

[INICIO]
[DATE]25 oct 2005 11:21:34,315
[PRIORIDAD]INFO
[THREAD]main
[MENSAJE]----------------------------------------------------

[INICIO]
[DATE]25 oct 2005 11:21:34,316
[PRIORIDAD]INFO
[THREAD]main
[MENSAJE]Se inicia una nueva ejecución

[INICIO]
[DATE]25 oct 2005 11:22:48,641
[PRIORIDAD]INFO
[THREAD]main
[MENSAJE]----------------------------------------------------

[INICIO]
[DATE]25 oct 2005 11:22:48,642
[PRIORIDAD]INFO
[THREAD]main
[MENSAJE]Se inicia una nueva ejecución

[INICIO]
[DATE]25 oct 2005 11:23:15,861
[PRIORIDAD]INFO
[THREAD]main
[MENSAJE]----------------------------------------------------

[INICIO]
[DATE]25 oct 2005 11:23:15,862
[PRIORIDAD]INFO
[THREAD]main
[MENSAJE]Se inicia una nueva ejecución

[INICIO]
[DATE]25 oct 2005 11:31:32,323
[PRIORIDAD]INFO
[THREAD]main
[MENSAJE]----------------------------------------------------

[INICIO]
[DATE]25 oct 2005 11:31:32,324
[PRIORIDAD]INFO
[THREAD]main
[MENSAJE]Se inicia una nueva ejecución

[INICIO]
[DATE]25 oct 2005 11:33:06,419
[PRIORIDAD]INFO
[THREAD]main
[MENSAJE]----------------------------------------------------

[INICIO]
[DATE]25 oct 2005 11:33:06,420
[PRIORIDAD]INFO
[THREAD]main
[MENSAJE]Se inicia una nueva ejecución

[INICIO]
[DATE]25 oct 2005 11:52:05,491
[PRIORIDAD]INFO
[THREAD]main
[MENSAJE]----------------------------------------------------

[INICIO]
[DATE]25 oct 2005 11:52:05,493
[PRIORIDAD]INFO
[THREAD]main
[MENSAJE]Se inicia una nueva ejecución

[INICIO]
[DATE]25 oct 2005 11:53:13,168
[PRIORIDAD]INFO
[THREAD]main
[MENSAJE]----------------------------------------------------

[INICIO]
[DATE]25 oct 2005 11:53:13,169
[PRIORIDAD]INFO
[THREAD]main
[MENSAJE]Se inicia una nueva ejecución

[INICIO]
[DATE]25 oct 2005 11:54:47,959
[PRIORIDAD]INFO
[THREAD]main
[MENSAJE]----------------------------------------------------

[INICIO]
[DATE]25 oct 2005 11:54:47,960
[PRIORIDAD]INFO
[THREAD]main
[MENSAJE]Se inicia una nueva ejecución

[INICIO]
[DATE]25 oct 2005 12:23:51,616
[PRIORIDAD]INFO
[THREAD]main
[MENSAJE]----------------------------------------------------

[INICIO]
[DATE]25 oct 2005 12:23:51,617
[PRIORIDAD]INFO
[THREAD]main
[MENSAJE]Se inicia una nueva ejecución

[INICIO]
[DATE]25 oct 2005 12:25:02,083
[PRIORIDAD]INFO
[THREAD]main
[MENSAJE]----------------------------------------------------

[INICIO]
[DATE]25 oct 2005 12:25:02,086
[PRIORIDAD]INFO
[THREAD]main
[MENSAJE]Se inicia una nueva ejecución

[INICIO]
[DATE]25 oct 2005 12:25:25,312
[PRIORIDAD]INFO
[THREAD]main
[MENSAJE]----------------------------------------------------

[INICIO]
[DATE]25 oct 2005 12:25:25,313
[PRIORIDAD]INFO
[THREAD]main
[MENSAJE]Se inicia una nueva ejecución

[INICIO]
[DATE]30 oct 2005 19:02:43,193
[PRIORIDAD]INFO
[THREAD]main
[MENSAJE]----------------------------------------------------

[INICIO]
[DATE]30 oct 2005 19:02:43,262
[PRIORIDAD]INFO
[THREAD]main
[MENSAJE]Se inicia una nueva ejecución

[INICIO]
[DATE]30 oct 2005 19:11:40,540
[PRIORIDAD]INFO
[THREAD]main
[MENSAJE]----------------------------------------------------

[INICIO]
[DATE]30 oct 2005 19:11:40,541
[PRIORIDAD]INFO
[THREAD]main
[MENSAJE]Se inicia una nueva ejecución

[INICIO]
[DATE]30 oct 2005 19:13:46,236
[PRIORIDAD]INFO
[THREAD]main
[MENSAJE]----------------------------------------------------

[INICIO]
[DATE]30 oct 2005 19:13:46,237
[PRIORIDAD]INFO
[THREAD]main
[MENSAJE]Se inicia una nueva ejecución

[INICIO]
[DATE]30 oct 2005 19:14:07,551
[PRIORIDAD]INFO
[THREAD]main
[MENSAJE]----------------------------------------------------

[INICIO]
[DATE]30 oct 2005 19:14:07,552
[PRIORIDAD]INFO
[THREAD]main
[MENSAJE]Se inicia una nueva ejecución

[INICIO]
[DATE]30 oct 2005 19:16:36,882
[PRIORIDAD]INFO
[THREAD]main
[MENSAJE]----------------------------------------------------

[INICIO]
[DATE]30 oct 2005 19:16:36,883
[PRIORIDAD]INFO
[THREAD]main
[MENSAJE]Se inicia una nueva ejecución

[INICIO]
[DATE]30 oct 2005 19:18:31,680
[PRIORIDAD]INFO
[THREAD]main
[MENSAJE]----------------------------------------------------

[INICIO]
[DATE]30 oct 2005 19:18:31,682
[PRIORIDAD]INFO
[THREAD]main
[MENSAJE]Se inicia una nueva ejecución

[INICIO]
[DATE]30 oct 2005 19:19:49,848
[PRIORIDAD]INFO
[THREAD]main
[MENSAJE]----------------------------------------------------

[INICIO]
[DATE]30 oct 2005 19:19:49,850
[PRIORIDAD]INFO
[THREAD]main
[MENSAJE]Se inicia una nueva ejecución

[INICIO]
[DATE]30 oct 2005 19:25:31,631
[PRIORIDAD]INFO
[THREAD]main
[MENSAJE]----------------------------------------------------

[INICIO]
[DATE]30 oct 2005 19:25:31,632
[PRIORIDAD]INFO
[THREAD]main
[MENSAJE]Se inicia una nueva ejecución

[INICIO]
[DATE]30 oct 2005 19:27:40,651
[PRIORIDAD]INFO
[THREAD]main
[MENSAJE]----------------------------------------------------

[INICIO]
[DATE]30 oct 2005 19:27:40,652
[PRIORIDAD]INFO
[THREAD]main
[MENSAJE]Se inicia una nueva ejecución

[INICIO]
[DATE]30 oct 2005 19:28:35,596
[PRIORIDAD]INFO
[THREAD]main
[MENSAJE]----------------------------------------------------

[INICIO]
[DATE]30 oct 2005 19:28:35,597
[PRIORIDAD]INFO
[THREAD]main
[MENSAJE]Se inicia una nueva ejecución

[INICIO]
[DATE]30 oct 2005 19:29:51,710
[PRIORIDAD]INFO
[THREAD]main
[MENSAJE]----------------------------------------------------

[INICIO]
[DATE]30 oct 2005 19:29:51,711
[PRIORIDAD]INFO
[THREAD]main
[MENSAJE]Se inicia una nueva ejecución

[INICIO]
[DATE]31 oct 2005 17:11:55,346
[PRIORIDAD]INFO
[THREAD]main
[MENSAJE]----------------------------------------------------

[INICIO]
[DATE]31 oct 2005 17:11:55,371
[PRIORIDAD]INFO
[THREAD]main
[MENSAJE]Se inicia una nueva ejecución

[INICIO]
[DATE]31 oct 2005 17:12:18,543
[PRIORIDAD]INFO
[THREAD]main
[MENSAJE]----------------------------------------------------

[INICIO]
[DATE]31 oct 2005 17:12:18,544
[PRIORIDAD]INFO
[THREAD]main
[MENSAJE]Se inicia una nueva ejecución

[INICIO]
[DATE]31 oct 2005 17:12:59,273
[PRIORIDAD]INFO
[THREAD]main
[MENSAJE]----------------------------------------------------

[INICIO]
[DATE]31 oct 2005 17:12:59,276
[PRIORIDAD]INFO
[THREAD]main
[MENSAJE]Se inicia una nueva ejecución

[INICIO]
[DATE]31 oct 2005 17:13:33,208
[PRIORIDAD]INFO
[THREAD]main
[MENSAJE]----------------------------------------------------

[INICIO]
[DATE]31 oct 2005 17:13:33,209
[PRIORIDAD]INFO
[THREAD]main
[MENSAJE]Se inicia una nueva ejecución

[INICIO]
[DATE]31 oct 2005 17:14:18,438
[PRIORIDAD]INFO
[THREAD]main
[MENSAJE]----------------------------------------------------

[INICIO]
[DATE]31 oct 2005 17:14:18,439
[PRIORIDAD]INFO
[THREAD]main
[MENSAJE]Se inicia una nueva ejecución

[INICIO]
[DATE]31 oct 2005 17:15:27,529
[PRIORIDAD]INFO
[THREAD]main
[MENSAJE]----------------------------------------------------

[INICIO]
[DATE]31 oct 2005 17:15:27,530
[PRIORIDAD]INFO
[THREAD]main
[MENSAJE]Se inicia una nueva ejecución

[INICIO]
[DATE]31 oct 2005 17:17:21,728
[PRIORIDAD]INFO
[THREAD]main
[MENSAJE]----------------------------------------------------

[INICIO]
[DATE]31 oct 2005 17:17:22,424
[PRIORIDAD]INFO
[THREAD]main
[MENSAJE]Se inicia una nueva ejecución

[INICIO]
[DATE]31 oct 2005 17:28:28,677
[PRIORIDAD]INFO
[THREAD]main
[MENSAJE]----------------------------------------------------

[INICIO]
[DATE]31 oct 2005 17:28:28,679
[PRIORIDAD]INFO
[THREAD]main
[MENSAJE]Se inicia una nueva ejecución

[INICIO]
[DATE]31 oct 2005 17:30:35,723
[PRIORIDAD]INFO
[THREAD]main
[MENSAJE]----------------------------------------------------

[INICIO]
[DATE]31 oct 2005 17:30:35,724
[PRIORIDAD]INFO
[THREAD]main
[MENSAJE]Se inicia una nueva ejecución

[INICIO]
[DATE]04 nov 2005 12:20:44,898
[PRIORIDAD]INFO
[THREAD]main
[MENSAJE]----------------------------------------------------

[INICIO]
[DATE]04 nov 2005 12:20:44,924
[PRIORIDAD]INFO
[THREAD]main
[MENSAJE]Se inicia una nueva ejecución

[INICIO]
[DATE]04 nov 2005 12:21:35,740
[PRIORIDAD]INFO
[THREAD]main
[MENSAJE]----------------------------------------------------

[INICIO]
[DATE]04 nov 2005 12:21:35,741
[PRIORIDAD]INFO
[THREAD]main
[MENSAJE]Se inicia una nueva ejecución

[INICIO]
[DATE]04 nov 2005 12:46:38,473
[PRIORIDAD]INFO
[THREAD]main
[MENSAJE]----------------------------------------------------

[INICIO]
[DATE]04 nov 2005 12:46:38,474
[PRIORIDAD]INFO
[THREAD]main
[MENSAJE]Se inicia una nueva ejecución

[INICIO]
[DATE]04 nov 2005 12:48:37,918
[PRIORIDAD]INFO
[THREAD]main
[MENSAJE]----------------------------------------------------

[INICIO]
[DATE]04 nov 2005 12:48:37,920
[PRIORIDAD]INFO
[THREAD]main
[MENSAJE]Se inicia una nueva ejecución

[INICIO]
[DATE]04 nov 2005 12:52:30,710
[PRIORIDAD]INFO
[THREAD]main
[MENSAJE]----------------------------------------------------

[INICIO]
[DATE]04 nov 2005 12:52:30,713
[PRIORIDAD]INFO
[THREAD]main
[MENSAJE]Se inicia una nueva ejecución

[INICIO]
[DATE]05 nov 2005 12:07:11,100
[PRIORIDAD]INFO
[THREAD]main
[MENSAJE]----------------------------------------------------

[INICIO]
[DATE]05 nov 2005 12:07:11,123
[PRIORIDAD]INFO
[THREAD]main
[MENSAJE]Se inicia una nueva ejecución

[INICIO]
[DATE]05 nov 2005 12:10:17,651
[PRIORIDAD]INFO
[THREAD]main
[MENSAJE]----------------------------------------------------

[INICIO]
[DATE]05 nov 2005 12:10:17,652
[PRIORIDAD]INFO
[THREAD]main
[MENSAJE]Se inicia una nueva ejecución

[INICIO]
[DATE]05 nov 2005 12:12:03,996
[PRIORIDAD]INFO
[THREAD]main
[MENSAJE]----------------------------------------------------

[INICIO]
[DATE]05 nov 2005 12:12:03,997
[PRIORIDAD]INFO
[THREAD]main
[MENSAJE]Se inicia una nueva ejecución

[INICIO]
[DATE]05 nov 2005 12:25:10,526
[PRIORIDAD]INFO
[THREAD]main
[MENSAJE]----------------------------------------------------

[INICIO]
[DATE]05 nov 2005 12:25:10,527
[PRIORIDAD]INFO
[THREAD]main
[MENSAJE]Se inicia una nueva ejecución

[INICIO]
[DATE]05 nov 2005 12:25:54,727
[PRIORIDAD]INFO
[THREAD]main
[MENSAJE]----------------------------------------------------

[INICIO]
[DATE]05 nov 2005 12:25:54,728
[PRIORIDAD]INFO
[THREAD]main
[MENSAJE]Se inicia una nueva ejecución

[INICIO]
[DATE]05 nov 2005 12:26:59,208
[PRIORIDAD]INFO
[THREAD]main
[MENSAJE]----------------------------------------------------

[INICIO]
[DATE]05 nov 2005 12:26:59,211
[PRIORIDAD]INFO
[THREAD]main
[MENSAJE]Se inicia una nueva ejecución

[INICIO]
[DATE]05 nov 2005 12:29:27,030
[PRIORIDAD]INFO
[THREAD]main
[MENSAJE]----------------------------------------------------

[INICIO]
[DATE]05 nov 2005 12:29:27,031
[PRIORIDAD]INFO
[THREAD]main
[MENSAJE]Se inicia una nueva ejecución

[INICIO]
[DATE]05 nov 2005 12:30:47,028
[PRIORIDAD]INFO
[THREAD]main
[MENSAJE]----------------------------------------------------

[INICIO]
[DATE]05 nov 2005 12:30:47,029
[PRIORIDAD]INFO
[THREAD]main
[MENSAJE]Se inicia una nueva ejecución

[INICIO]
[DATE]05 nov 2005 12:35:07,378
[PRIORIDAD]INFO
[THREAD]main
[MENSAJE]----------------------------------------------------

[INICIO]
[DATE]05 nov 2005 12:35:07,379
[PRIORIDAD]INFO
[THREAD]main
[MENSAJE]Se inicia una nueva ejecución

[INICIO]
[DATE]05 nov 2005 12:37:37,220
[PRIORIDAD]INFO
[THREAD]main
[MENSAJE]----------------------------------------------------

[INICIO]
[DATE]05 nov 2005 12:37:37,221
[PRIORIDAD]INFO
[THREAD]main
[MENSAJE]Se inicia una nueva ejecución

[INICIO]
[DATE]05 nov 2005 12:48:17,178
[PRIORIDAD]INFO
[THREAD]main
[MENSAJE]----------------------------------------------------

[INICIO]
[DATE]05 nov 2005 12:48:17,179
[PRIORIDAD]INFO
[THREAD]main
[MENSAJE]Se inicia una nueva ejecución

[INICIO]
[DATE]05 nov 2005 12:53:59,941
[PRIORIDAD]INFO
[THREAD]main
[MENSAJE]----------------------------------------------------

[INICIO]
[DATE]05 nov 2005 12:53:59,942
[PRIORIDAD]INFO
[THREAD]main
[MENSAJE]Se inicia una nueva ejecución

[INICIO]
[DATE]05 nov 2005 13:00:02,234
[PRIORIDAD]INFO
[THREAD]main
[MENSAJE]----------------------------------------------------

[INICIO]
[DATE]05 nov 2005 13:00:02,235
[PRIORIDAD]INFO
[THREAD]main
[MENSAJE]Se inicia una nueva ejecución

[INICIO]
[DATE]05 nov 2005 13:03:40,912
[PRIORIDAD]INFO
[THREAD]main
[MENSAJE]----------------------------------------------------

[INICIO]
[DATE]05 nov 2005 13:03:40,913
[PRIORIDAD]INFO
[THREAD]main
[MENSAJE]Se inicia una nueva ejecución

[INICIO]
[DATE]05 nov 2005 13:04:29,357
[PRIORIDAD]INFO
[THREAD]main
[MENSAJE]----------------------------------------------------

[INICIO]
[DATE]05 nov 2005 13:04:29,359
[PRIORIDAD]INFO
[THREAD]main
[MENSAJE]Se inicia una nueva ejecución

[INICIO]
[DATE]05 nov 2005 13:04:57,087
[PRIORIDAD]INFO
[THREAD]main
[MENSAJE]----------------------------------------------------

[INICIO]
[DATE]05 nov 2005 13:04:57,088
[PRIORIDAD]INFO
[THREAD]main
[MENSAJE]Se inicia una nueva ejecución

[INICIO]
[DATE]05 nov 2005 13:05:50,340
[PRIORIDAD]INFO
[THREAD]main
[MENSAJE]----------------------------------------------------

[INICIO]
[DATE]05 nov 2005 13:05:50,341
[PRIORIDAD]INFO
[THREAD]main
[MENSAJE]Se inicia una nueva ejecución

[INICIO]
[DATE]05 nov 2005 13:06:44,656
[PRIORIDAD]INFO
[THREAD]main
[MENSAJE]----------------------------------------------------

[INICIO]
[DATE]05 nov 2005 13:06:44,657
[PRIORIDAD]INFO
[THREAD]main
[MENSAJE]Se inicia una nueva ejecución

[INICIO]
[DATE]05 nov 2005 13:09:29,764
[PRIORIDAD]INFO
[THREAD]main
[MENSAJE]----------------------------------------------------

[INICIO]
[DATE]05 nov 2005 13:09:29,765
[PRIORIDAD]INFO
[THREAD]main
[MENSAJE]Se inicia una nueva ejecución

[INICIO]
[DATE]05 nov 2005 13:09:55,132
[PRIORIDAD]INFO
[THREAD]main
[MENSAJE]----------------------------------------------------

[INICIO]
[DATE]05 nov 2005 13:09:55,133
[PRIORIDAD]INFO
[THREAD]main
[MENSAJE]Se inicia una nueva ejecución

[INICIO]
[DATE]05 nov 2005 13:12:00,706
[PRIORIDAD]INFO
[THREAD]main
[MENSAJE]----------------------------------------------------

[INICIO]
[DATE]05 nov 2005 13:12:00,707
[PRIORIDAD]INFO
[THREAD]main
[MENSAJE]Se inicia una nueva ejecución

[INICIO]
[DATE]05 nov 2005 13:12:45,840
[PRIORIDAD]INFO
[THREAD]main
[MENSAJE]----------------------------------------------------

[INICIO]
[DATE]05 nov 2005 13:12:45,841
[PRIORIDAD]INFO
[THREAD]main
[MENSAJE]Se inicia una nueva ejecución

[INICIO]
[DATE]05 nov 2005 13:14:57,343
[PRIORIDAD]INFO
[THREAD]main
[MENSAJE]----------------------------------------------------

[INICIO]
[DATE]05 nov 2005 13:14:57,345
[PRIORIDAD]INFO
[THREAD]main
[MENSAJE]Se inicia una nueva ejecución

[INICIO]
[DATE]05 nov 2005 13:16:38,537
[PRIORIDAD]INFO
[THREAD]main
[MENSAJE]----------------------------------------------------

[INICIO]
[DATE]05 nov 2005 13:16:38,539
[PRIORIDAD]INFO
[THREAD]main
[MENSAJE]Se inicia una nueva ejecución

[INICIO]
[DATE]05 nov 2005 19:11:16,253
[PRIORIDAD]INFO
[THREAD]main
[MENSAJE]----------------------------------------------------

[INICIO]
[DATE]05 nov 2005 19:11:16,281
[PRIORIDAD]INFO
[THREAD]main
[MENSAJE]Se inicia una nueva ejecución

[INICIO]
[DATE]05 nov 2005 19:14:56,833
[PRIORIDAD]INFO
[THREAD]main
[MENSAJE]----------------------------------------------------

[INICIO]
[DATE]05 nov 2005 19:14:56,834
[PRIORIDAD]INFO
[THREAD]main
[MENSAJE]Se inicia una nueva ejecución

[INICIO]
[DATE]05 nov 2005 19:21:33,830
[PRIORIDAD]INFO
[THREAD]main
[MENSAJE]----------------------------------------------------

[INICIO]
[DATE]05 nov 2005 19:21:33,832
[PRIORIDAD]INFO
[THREAD]main
[MENSAJE]Se inicia una nueva ejecución

[INICIO]
[DATE]05 nov 2005 19:24:17,310
[PRIORIDAD]INFO
[THREAD]main
[MENSAJE]----------------------------------------------------

[INICIO]
[DATE]05 nov 2005 19:24:17,312
[PRIORIDAD]INFO
[THREAD]main
[MENSAJE]Se inicia una nueva ejecución

[INICIO]
[DATE]05 nov 2005 19:50:15,098
[PRIORIDAD]INFO
[THREAD]main
[MENSAJE]----------------------------------------------------

[INICIO]
[DATE]05 nov 2005 19:50:15,100
[PRIORIDAD]INFO
[THREAD]main
[MENSAJE]Se inicia una nueva ejecución

[INICIO]
[DATE]05 nov 2005 19:56:32,110
[PRIORIDAD]INFO
[THREAD]main
[MENSAJE]----------------------------------------------------

[INICIO]
[DATE]05 nov 2005 19:56:32,112
[PRIORIDAD]INFO
[THREAD]main
[MENSAJE]Se inicia una nueva ejecución

[INICIO]
[DATE]05 nov 2005 20:03:28,983
[PRIORIDAD]INFO
[THREAD]main
[MENSAJE]----------------------------------------------------

[INICIO]
[DATE]05 nov 2005 20:03:28,985
[PRIORIDAD]INFO
[THREAD]main
[MENSAJE]Se inicia una nueva ejecución

[INICIO]
[DATE]05 nov 2005 20:06:37,747
[PRIORIDAD]INFO
[THREAD]main
[MENSAJE]----------------------------------------------------

[INICIO]
[DATE]05 nov 2005 20:06:37,749
[PRIORIDAD]INFO
[THREAD]main
[MENSAJE]Se inicia una nueva ejecución

[INICIO]
[DATE]05 nov 2005 20:12:17,620
[PRIORIDAD]INFO
[THREAD]main
[MENSAJE]----------------------------------------------------

[INICIO]
[DATE]05 nov 2005 20:12:17,622
[PRIORIDAD]INFO
[THREAD]main
[MENSAJE]Se inicia una nueva ejecución

[INICIO]
[DATE]05 nov 2005 20:16:30,886
[PRIORIDAD]INFO
[THREAD]main
[MENSAJE]----------------------------------------------------

[INICIO]
[DATE]05 nov 2005 20:16:30,888
[PRIORIDAD]INFO
[THREAD]main
[MENSAJE]Se inicia una nueva ejecución

[INICIO]
[DATE]05 nov 2005 20:33:12,191
[PRIORIDAD]INFO
[THREAD]main
[MENSAJE]----------------------------------------------------

[INICIO]
[DATE]05 nov 2005 20:33:12,193
[PRIORIDAD]INFO
[THREAD]main
[MENSAJE]Se inicia una nueva ejecución

[INICIO]
[DATE]05 nov 2005 20:35:29,602
[PRIORIDAD]INFO
[THREAD]main
[MENSAJE]----------------------------------------------------

[INICIO]
[DATE]05 nov 2005 20:35:29,604
[PRIORIDAD]INFO
[THREAD]main
[MENSAJE]Se inicia una nueva ejecución

[INICIO]
[DATE]05 nov 2005 20:37:53,518
[PRIORIDAD]INFO
[THREAD]main
[MENSAJE]----------------------------------------------------

[INICIO]
[DATE]05 nov 2005 20:37:53,520
[PRIORIDAD]INFO
[THREAD]main
[MENSAJE]Se inicia una nueva ejecución

[INICIO]
[DATE]05 nov 2005 20:46:46,296
[PRIORIDAD]INFO
[THREAD]main
[MENSAJE]----------------------------------------------------

[INICIO]
[DATE]05 nov 2005 20:46:46,298
[PRIORIDAD]INFO
[THREAD]main
[MENSAJE]Se inicia una nueva ejecución

[INICIO]
[DATE]05 nov 2005 21:18:50,839
[PRIORIDAD]INFO
[THREAD]main
[MENSAJE]----------------------------------------------------

[INICIO]
[DATE]05 nov 2005 21:18:50,841
[PRIORIDAD]INFO
[THREAD]main
[MENSAJE]Se inicia una nueva ejecución

[INICIO]
[DATE]05 nov 2005 21:25:06,870
[PRIORIDAD]INFO
[THREAD]main
[MENSAJE]----------------------------------------------------

[INICIO]
[DATE]05 nov 2005 21:25:06,902
[PRIORIDAD]INFO
[THREAD]main
[MENSAJE]Se inicia una nueva ejecución

[INICIO]
[DATE]05 nov 2005 21:30:42,582
[PRIORIDAD]INFO
[THREAD]main
[MENSAJE]----------------------------------------------------

[INICIO]
[DATE]05 nov 2005 21:30:42,583
[PRIORIDAD]INFO
[THREAD]main
[MENSAJE]Se inicia una nueva ejecución

[INICIO]
[DATE]05 nov 2005 21:33:27,668
[PRIORIDAD]INFO
[THREAD]main
[MENSAJE]----------------------------------------------------

[INICIO]
[DATE]05 nov 2005 21:33:27,670
[PRIORIDAD]INFO
[THREAD]main
[MENSAJE]Se inicia una nueva ejecución

[INICIO]
[DATE]06 nov 2005 13:42:54,303
[PRIORIDAD]INFO
[THREAD]main
[MENSAJE]----------------------------------------------------

[INICIO]
[DATE]06 nov 2005 13:42:54,363
[PRIORIDAD]INFO
[THREAD]main
[MENSAJE]Se inicia una nueva ejecución

[INICIO]
[DATE]06 nov 2005 13:46:18,903
[PRIORIDAD]INFO
[THREAD]main
[MENSAJE]----------------------------------------------------

[INICIO]
[DATE]06 nov 2005 13:46:18,906
[PRIORIDAD]INFO
[THREAD]main
[MENSAJE]Se inicia una nueva ejecución

[INICIO]
[DATE]08 nov 2005 22:50:55,195
[PRIORIDAD]INFO
[THREAD]main
[MENSAJE]----------------------------------------------------

[INICIO]
[DATE]08 nov 2005 22:50:55,260
[PRIORIDAD]INFO
[THREAD]main
[MENSAJE]Se inicia una nueva ejecución

[INICIO]
[DATE]08 nov 2005 23:02:28,290
[PRIORIDAD]INFO
[THREAD]main
[MENSAJE]----------------------------------------------------

[INICIO]
[DATE]08 nov 2005 23:02:28,297
[PRIORIDAD]INFO
[THREAD]main
[MENSAJE]Se inicia una nueva ejecución

[INICIO]
[DATE]08 nov 2005 23:04:35,594
[PRIORIDAD]INFO
[THREAD]main
[MENSAJE]----------------------------------------------------

[INICIO]
[DATE]08 nov 2005 23:04:35,600
[PRIORIDAD]INFO
[THREAD]main
[MENSAJE]Se inicia una nueva ejecución

[INICIO]
[DATE]10 nov 2005 22:05:30,502
[PRIORIDAD]INFO
[THREAD]main
[MENSAJE]----------------------------------------------------

[INICIO]
[DATE]10 nov 2005 22:05:30,568
[PRIORIDAD]INFO
[THREAD]main
[MENSAJE]Se inicia una nueva ejecución

[INICIO]
[DATE]11 nov 2005 11:33:05,072
[PRIORIDAD]INFO
[THREAD]main
[MENSAJE]----------------------------------------------------

[INICIO]
[DATE]11 nov 2005 11:33:05,091
[PRIORIDAD]INFO
[THREAD]main
[MENSAJE]Se inicia una nueva ejecución

[INICIO]
[DATE]11 nov 2005 11:40:00,150
[PRIORIDAD]INFO
[THREAD]main
[MENSAJE]----------------------------------------------------

[INICIO]
[DATE]11 nov 2005 11:40:00,152
[PRIORIDAD]INFO
[THREAD]main
[MENSAJE]Se inicia una nueva ejecución

[INICIO]
[DATE]11 nov 2005 11:40:40,915
[PRIORIDAD]INFO
[THREAD]main
[MENSAJE]----------------------------------------------------

[INICIO]
[DATE]11 nov 2005 11:40:40,918
[PRIORIDAD]INFO
[THREAD]main
[MENSAJE]Se inicia una nueva ejecución

[INICIO]
[DATE]11 nov 2005 11:56:25,800
[PRIORIDAD]INFO
[THREAD]main
[MENSAJE]----------------------------------------------------

[INICIO]
[DATE]11 nov 2005 11:56:25,802
[PRIORIDAD]INFO
[THREAD]main
[MENSAJE]Se inicia una nueva ejecución

[INICIO]
[DATE]11 nov 2005 11:57:47,149
[PRIORIDAD]INFO
[THREAD]main
[MENSAJE]----------------------------------------------------

[INICIO]
[DATE]11 nov 2005 11:57:47,151
[PRIORIDAD]INFO
[THREAD]main
[MENSAJE]Se inicia una nueva ejecución

[INICIO]
[DATE]12 nov 2005 18:50:50,100
[PRIORIDAD]INFO
[THREAD]main
[MENSAJE]----------------------------------------------------

[INICIO]
[DATE]12 nov 2005 18:50:50,127
[PRIORIDAD]INFO
[THREAD]main
[MENSAJE]Se inicia una nueva ejecución

[INICIO]
[DATE]12 nov 2005 18:52:55,924
[PRIORIDAD]INFO
[THREAD]main
[MENSAJE]----------------------------------------------------

[INICIO]
[DATE]12 nov 2005 18:52:55,926
[PRIORIDAD]INFO
[THREAD]main
[MENSAJE]Se inicia una nueva ejecución

[INICIO]
[DATE]12 nov 2005 18:54:10,441
[PRIORIDAD]INFO
[THREAD]main
[MENSAJE]----------------------------------------------------

[INICIO]
[DATE]12 nov 2005 18:54:10,443
[PRIORIDAD]INFO
[THREAD]main
[MENSAJE]Se inicia una nueva ejecución

[INICIO]
[DATE]13 nov 2005 16:29:08,013
[PRIORIDAD]INFO
[THREAD]main
[MENSAJE]----------------------------------------------------

[INICIO]
[DATE]13 nov 2005 16:29:08,043
[PRIORIDAD]INFO
[THREAD]main
[MENSAJE]Se inicia una nueva ejecución

[INICIO]
[DATE]13 nov 2005 16:31:56,218
[PRIORIDAD]INFO
[THREAD]main
[MENSAJE]----------------------------------------------------

[INICIO]
[DATE]13 nov 2005 16:31:56,232
[PRIORIDAD]INFO
[THREAD]main
[MENSAJE]Se inicia una nueva ejecución

[INICIO]
[DATE]13 nov 2005 16:37:17,406
[PRIORIDAD]INFO
[THREAD]main
[MENSAJE]----------------------------------------------------

[INICIO]
[DATE]13 nov 2005 16:37:17,410
[PRIORIDAD]INFO
[THREAD]main
[MENSAJE]Se inicia una nueva ejecución

[INICIO]
[DATE]13 nov 2005 16:42:50,028
[PRIORIDAD]INFO
[THREAD]main
[MENSAJE]----------------------------------------------------

[INICIO]
[DATE]13 nov 2005 16:42:50,032
[PRIORIDAD]INFO
[THREAD]main
[MENSAJE]Se inicia una nueva ejecución

[INICIO]
[DATE]14 nov 2005 17:10:47,788
[PRIORIDAD]INFO
[THREAD]main
[MENSAJE]----------------------------------------------------

[INICIO]
[DATE]14 nov 2005 17:10:47,809
[PRIORIDAD]INFO
[THREAD]main
[MENSAJE]Se inicia una nueva ejecución

[INICIO]
[DATE]14 nov 2005 17:12:41,277
[PRIORIDAD]INFO
[THREAD]main
[MENSAJE]----------------------------------------------------

[INICIO]
[DATE]14 nov 2005 17:12:41,279
[PRIORIDAD]INFO
[THREAD]main
[MENSAJE]Se inicia una nueva ejecución

[INICIO]
[DATE]15 nov 2005 10:59:48,972
[PRIORIDAD]INFO
[THREAD]main
[MENSAJE]----------------------------------------------------

[INICIO]
[DATE]15 nov 2005 10:59:48,994
[PRIORIDAD]INFO
[THREAD]main
[MENSAJE]Se inicia una nueva ejecución

[INICIO]
[DATE]15 nov 2005 11:03:58,585
[PRIORIDAD]INFO
[THREAD]main
[MENSAJE]----------------------------------------------------

[INICIO]
[DATE]15 nov 2005 11:03:58,589
[PRIORIDAD]INFO
[THREAD]main
[MENSAJE]Se inicia una nueva ejecución

[INICIO]
[DATE]15 nov 2005 11:12:41,667
[PRIORIDAD]INFO
[THREAD]main
[MENSAJE]----------------------------------------------------

[INICIO]
[DATE]15 nov 2005 11:12:41,669
[PRIORIDAD]INFO
[THREAD]main
[MENSAJE]Se inicia una nueva ejecución

[INICIO]
[DATE]15 nov 2005 11:13:27,624
[PRIORIDAD]INFO
[THREAD]main
[MENSAJE]----------------------------------------------------

[INICIO]
[DATE]15 nov 2005 11:13:27,688
[PRIORIDAD]INFO
[THREAD]main
[MENSAJE]Se inicia una nueva ejecución

[INICIO]
[DATE]15 nov 2005 11:29:00,597
[PRIORIDAD]INFO
[THREAD]main
[MENSAJE]----------------------------------------------------

[INICIO]
[DATE]15 nov 2005 11:29:00,602
[PRIORIDAD]INFO
[THREAD]main
[MENSAJE]Se inicia una nueva ejecución

[INICIO]
[DATE]15 nov 2005 11:31:39,222
[PRIORIDAD]INFO
[THREAD]main
[MENSAJE]----------------------------------------------------

[INICIO]
[DATE]15 nov 2005 11:31:39,224
[PRIORIDAD]INFO
[THREAD]main
[MENSAJE]Se inicia una nueva ejecución

[INICIO]
[DATE]15 nov 2005 11:33:09,240
[PRIORIDAD]INFO
[THREAD]main
[MENSAJE]----------------------------------------------------

[INICIO]
[DATE]15 nov 2005 11:33:09,243
[PRIORIDAD]INFO
[THREAD]main
[MENSAJE]Se inicia una nueva ejecución

[INICIO]
[DATE]15 nov 2005 11:33:31,407
[PRIORIDAD]INFO
[THREAD]main
[MENSAJE]----------------------------------------------------

[INICIO]
[DATE]15 nov 2005 11:33:31,411
[PRIORIDAD]INFO
[THREAD]main
[MENSAJE]Se inicia una nueva ejecución

[INICIO]
[DATE]15 nov 2005 11:37:08,929
[PRIORIDAD]INFO
[THREAD]main
[MENSAJE]----------------------------------------------------

[INICIO]
[DATE]15 nov 2005 11:37:08,931
[PRIORIDAD]INFO
[THREAD]main
[MENSAJE]Se inicia una nueva ejecución

[INICIO]
[DATE]15 nov 2005 11:41:41,317
[PRIORIDAD]INFO
[THREAD]main
[MENSAJE]----------------------------------------------------

[INICIO]
[DATE]15 nov 2005 11:41:41,319
[PRIORIDAD]INFO
[THREAD]main
[MENSAJE]Se inicia una nueva ejecución

[INICIO]
[DATE]15 nov 2005 11:42:53,901
[PRIORIDAD]INFO
[THREAD]main
[MENSAJE]----------------------------------------------------

[INICIO]
[DATE]15 nov 2005 11:42:53,907
[PRIORIDAD]INFO
[THREAD]main
[MENSAJE]Se inicia una nueva ejecución

[INICIO]
[DATE]15 nov 2005 11:59:57,642
[PRIORIDAD]INFO
[THREAD]main
[MENSAJE]----------------------------------------------------

[INICIO]
[DATE]15 nov 2005 11:59:57,672
[PRIORIDAD]INFO
[THREAD]main
[MENSAJE]Se inicia una nueva ejecución

[INICIO]
[DATE]15 nov 2005 12:01:02,325
[PRIORIDAD]INFO
[THREAD]main
[MENSAJE]----------------------------------------------------

[INICIO]
[DATE]15 nov 2005 12:01:02,327
[PRIORIDAD]INFO
[THREAD]main
[MENSAJE]Se inicia una nueva ejecución

[INICIO]
[DATE]15 nov 2005 12:01:54,692
[PRIORIDAD]INFO
[THREAD]main
[MENSAJE]----------------------------------------------------

[INICIO]
[DATE]15 nov 2005 12:01:54,748
[PRIORIDAD]INFO
[THREAD]main
[MENSAJE]Se inicia una nueva ejecución

[INICIO]
[DATE]15 nov 2005 12:03:53,144
[PRIORIDAD]INFO
[THREAD]main
[MENSAJE]----------------------------------------------------

[INICIO]
[DATE]15 nov 2005 12:03:53,146
[PRIORIDAD]INFO
[THREAD]main
[MENSAJE]Se inicia una nueva ejecución

[INICIO]
[DATE]15 nov 2005 12:04:38,122
[PRIORIDAD]INFO
[THREAD]main
[MENSAJE]----------------------------------------------------

[INICIO]
[DATE]15 nov 2005 12:04:38,124
[PRIORIDAD]INFO
[THREAD]main
[MENSAJE]Se inicia una nueva ejecución

[INICIO]
[DATE]15 nov 2005 12:06:57,611
[PRIORIDAD]INFO
[THREAD]main
[MENSAJE]----------------------------------------------------

[INICIO]
[DATE]15 nov 2005 12:06:57,613
[PRIORIDAD]INFO
[THREAD]main
[MENSAJE]Se inicia una nueva ejecución

[INICIO]
[DATE]15 nov 2005 12:08:55,556
[PRIORIDAD]INFO
[THREAD]main
[MENSAJE]----------------------------------------------------

[INICIO]
[DATE]15 nov 2005 12:08:55,558
[PRIORIDAD]INFO
[THREAD]main
[MENSAJE]Se inicia una nueva ejecución

[INICIO]
[DATE]15 nov 2005 12:09:40,955
[PRIORIDAD]INFO
[THREAD]main
[MENSAJE]----------------------------------------------------

[INICIO]
[DATE]15 nov 2005 12:09:40,957
[PRIORIDAD]INFO
[THREAD]main
[MENSAJE]Se inicia una nueva ejecución

[INICIO]
[DATE]15 nov 2005 12:13:17,972
[PRIORIDAD]INFO
[THREAD]main
[MENSAJE]----------------------------------------------------

[INICIO]
[DATE]15 nov 2005 12:13:17,976
[PRIORIDAD]INFO
[THREAD]main
[MENSAJE]Se inicia una nueva ejecución

[INICIO]
[DATE]15 nov 2005 14:07:24,859
[PRIORIDAD]INFO
[THREAD]main
[MENSAJE]----------------------------------------------------

[INICIO]
[DATE]15 nov 2005 14:07:24,886
[PRIORIDAD]INFO
[THREAD]main
[MENSAJE]Se inicia una nueva ejecución

[INICIO]
[DATE]15 nov 2005 14:11:13,728
[PRIORIDAD]INFO
[THREAD]main
[MENSAJE]----------------------------------------------------

[INICIO]
[DATE]15 nov 2005 14:11:13,730
[PRIORIDAD]INFO
[THREAD]main
[MENSAJE]Se inicia una nueva ejecución

[INICIO]
[DATE]15 nov 2005 14:13:05,833
[PRIORIDAD]INFO
[THREAD]main
[MENSAJE]----------------------------------------------------

[INICIO]
[DATE]15 nov 2005 14:13:05,835
[PRIORIDAD]INFO
[THREAD]main
[MENSAJE]Se inicia una nueva ejecución

[INICIO]
[DATE]15 nov 2005 14:15:19,781
[PRIORIDAD]INFO
[THREAD]main
[MENSAJE]----------------------------------------------------

[INICIO]
[DATE]15 nov 2005 14:15:19,783
[PRIORIDAD]INFO
[THREAD]main
[MENSAJE]Se inicia una nueva ejecución

[INICIO]
[DATE]15 nov 2005 14:20:05,648
[PRIORIDAD]INFO
[THREAD]main
[MENSAJE]----------------------------------------------------

[INICIO]
[DATE]15 nov 2005 14:20:05,652
[PRIORIDAD]INFO
[THREAD]main
[MENSAJE]Se inicia una nueva ejecución

[INICIO]
[DATE]15 nov 2005 14:26:35,111
[PRIORIDAD]INFO
[THREAD]main
[MENSAJE]----------------------------------------------------

[INICIO]
[DATE]15 nov 2005 14:26:35,113
[PRIORIDAD]INFO
[THREAD]main
[MENSAJE]Se inicia una nueva ejecución

[INICIO]
[DATE]15 nov 2005 20:36:26,892
[PRIORIDAD]INFO
[THREAD]main
[MENSAJE]----------------------------------------------------

[INICIO]
[DATE]15 nov 2005 20:36:26,922
[PRIORIDAD]INFO
[THREAD]main
[MENSAJE]Se inicia una nueva ejecución

[INICIO]
[DATE]15 nov 2005 20:45:59,674
[PRIORIDAD]INFO
[THREAD]main
[MENSAJE]----------------------------------------------------

[INICIO]
[DATE]15 nov 2005 20:45:59,675
[PRIORIDAD]INFO
[THREAD]main
[MENSAJE]Se inicia una nueva ejecución

[INICIO]
[DATE]15 nov 2005 20:50:31,295
[PRIORIDAD]INFO
[THREAD]main
[MENSAJE]----------------------------------------------------

[INICIO]
[DATE]15 nov 2005 20:50:31,298
[PRIORIDAD]INFO
[THREAD]main
[MENSAJE]Se inicia una nueva ejecución

[INICIO]
[DATE]15 nov 2005 20:58:49,365
[PRIORIDAD]INFO
[THREAD]main
[MENSAJE]----------------------------------------------------

[INICIO]
[DATE]15 nov 2005 20:58:49,369
[PRIORIDAD]INFO
[THREAD]main
[MENSAJE]Se inicia una nueva ejecución

[INICIO]
[DATE]15 nov 2005 21:00:27,446
[PRIORIDAD]INFO
[THREAD]main
[MENSAJE]----------------------------------------------------

[INICIO]
[DATE]15 nov 2005 21:00:27,448
[PRIORIDAD]INFO
[THREAD]main
[MENSAJE]Se inicia una nueva ejecución

[INICIO]
[DATE]15 nov 2005 21:15:11,999
[PRIORIDAD]INFO
[THREAD]main
[MENSAJE]----------------------------------------------------

[INICIO]
[DATE]15 nov 2005 21:15:12,001
[PRIORIDAD]INFO
[THREAD]main
[MENSAJE]Se inicia una nueva ejecución

[INICIO]
[DATE]15 nov 2005 21:16:09,582
[PRIORIDAD]INFO
[THREAD]main
[MENSAJE]----------------------------------------------------

[INICIO]
[DATE]15 nov 2005 21:16:09,584
[PRIORIDAD]INFO
[THREAD]main
[MENSAJE]Se inicia una nueva ejecución

[INICIO]
[DATE]16 nov 2005 10:35:09,965
[PRIORIDAD]INFO
[THREAD]main
[MENSAJE]----------------------------------------------------

[INICIO]
[DATE]16 nov 2005 10:35:09,995
[PRIORIDAD]INFO
[THREAD]main
[MENSAJE]Se inicia una nueva ejecución

[INICIO]
[DATE]16 nov 2005 10:35:30,656
[PRIORIDAD]INFO
[THREAD]main
[MENSAJE]----------------------------------------------------

[INICIO]
[DATE]16 nov 2005 10:35:30,660
[PRIORIDAD]INFO
[THREAD]main
[MENSAJE]Se inicia una nueva ejecución

[INICIO]
[DATE]16 nov 2005 10:40:41,231
[PRIORIDAD]INFO
[THREAD]main
[MENSAJE]----------------------------------------------------

[INICIO]
[DATE]16 nov 2005 10:40:41,233
[PRIORIDAD]INFO
[THREAD]main
[MENSAJE]Se inicia una nueva ejecución

[INICIO]
[DATE]16 nov 2005 10:50:04,204
[PRIORIDAD]INFO
[THREAD]main
[MENSAJE]----------------------------------------------------

[INICIO]
[DATE]16 nov 2005 10:50:04,206
[PRIORIDAD]INFO
[THREAD]main
[MENSAJE]Se inicia una nueva ejecución

[INICIO]
[DATE]17 nov 2005 10:51:09,701
[PRIORIDAD]INFO
[THREAD]main
[MENSAJE]----------------------------------------------------

[INICIO]
[DATE]17 nov 2005 10:51:09,724
[PRIORIDAD]INFO
[THREAD]main
[MENSAJE]Se inicia una nueva ejecución

[INICIO]
[DATE]17 nov 2005 10:58:11,303
[PRIORIDAD]INFO
[THREAD]main
[MENSAJE]----------------------------------------------------

[INICIO]
[DATE]17 nov 2005 10:58:11,309
[PRIORIDAD]INFO
[THREAD]main
[MENSAJE]Se inicia una nueva ejecución

[INICIO]
[DATE]17 nov 2005 11:01:33,744
[PRIORIDAD]INFO
[THREAD]main
[MENSAJE]----------------------------------------------------

[INICIO]
[DATE]17 nov 2005 11:01:33,750
[PRIORIDAD]INFO
[THREAD]main
[MENSAJE]Se inicia una nueva ejecución

[INICIO]
[DATE]17 nov 2005 11:19:20,210
[PRIORIDAD]INFO
[THREAD]main
[MENSAJE]----------------------------------------------------

[INICIO]
[DATE]17 nov 2005 11:19:20,216
[PRIORIDAD]INFO
[THREAD]main
[MENSAJE]Se inicia una nueva ejecución

[INICIO]
[DATE]17 nov 2005 11:20:47,692
[PRIORIDAD]INFO
[THREAD]main
[MENSAJE]----------------------------------------------------

[INICIO]
[DATE]17 nov 2005 11:20:47,698
[PRIORIDAD]INFO
[THREAD]main
[MENSAJE]Se inicia una nueva ejecución

[INICIO]
[DATE]18 nov 2005 12:05:23,364
[PRIORIDAD]INFO
[THREAD]main
[MENSAJE]----------------------------------------------------

[INICIO]
[DATE]18 nov 2005 12:05:23,392
[PRIORIDAD]INFO
[THREAD]main
[MENSAJE]Se inicia una nueva ejecución

[INICIO]
[DATE]19 nov 2005 11:29:35,247
[PRIORIDAD]INFO
[THREAD]main
[MENSAJE]----------------------------------------------------

[INICIO]
[DATE]19 nov 2005 11:29:35,270
[PRIORIDAD]INFO
[THREAD]main
[MENSAJE]Se inicia una nueva ejecución

[INICIO]
[DATE]19 nov 2005 11:37:44,242
[PRIORIDAD]INFO
[THREAD]main
[MENSAJE]----------------------------------------------------

[INICIO]
[DATE]19 nov 2005 11:37:44,265
[PRIORIDAD]INFO
[THREAD]main
[MENSAJE]Se inicia una nueva ejecución

[INICIO]
[DATE]19 nov 2005 11:38:33,085
[PRIORIDAD]INFO
[THREAD]main
[MENSAJE]----------------------------------------------------

[INICIO]
[DATE]19 nov 2005 11:38:33,091
[PRIORIDAD]INFO
[THREAD]main
[MENSAJE]Se inicia una nueva ejecución

[INICIO]
[DATE]19 nov 2005 11:38:49,039
[PRIORIDAD]INFO
[THREAD]main
[MENSAJE]----------------------------------------------------

[INICIO]
[DATE]19 nov 2005 11:38:49,049
[PRIORIDAD]INFO
[THREAD]main
[MENSAJE]Se inicia una nueva ejecución

[INICIO]
[DATE]19 nov 2005 11:41:44,938
[PRIORIDAD]INFO
[THREAD]main
[MENSAJE]----------------------------------------------------

[INICIO]
[DATE]19 nov 2005 11:41:44,944
[PRIORIDAD]INFO
[THREAD]main
[MENSAJE]Se inicia una nueva ejecución

[INICIO]
[DATE]19 nov 2005 11:42:48,963
[PRIORIDAD]INFO
[THREAD]main
[MENSAJE]----------------------------------------------------

[INICIO]
[DATE]19 nov 2005 11:42:48,969
[PRIORIDAD]INFO
[THREAD]main
[MENSAJE]Se inicia una nueva ejecución

[INICIO]
[DATE]19 nov 2005 11:44:03,453
[PRIORIDAD]INFO
[THREAD]main
[MENSAJE]----------------------------------------------------

[INICIO]
[DATE]19 nov 2005 11:44:03,459
[PRIORIDAD]INFO
[THREAD]main
[MENSAJE]Se inicia una nueva ejecución

[INICIO]
[DATE]19 nov 2005 11:44:36,247
[PRIORIDAD]INFO
[THREAD]main
[MENSAJE]----------------------------------------------------

[INICIO]
[DATE]19 nov 2005 11:44:36,253
[PRIORIDAD]INFO
[THREAD]main
[MENSAJE]Se inicia una nueva ejecución

[INICIO]
[DATE]21 nov 2005 17:38:43,125
[PRIORIDAD]INFO
[THREAD]main
[MENSAJE]----------------------------------------------------

[INICIO]
[DATE]21 nov 2005 17:38:43,156
[PRIORIDAD]INFO
[THREAD]main
[MENSAJE]Se inicia una nueva ejecución

[INICIO]
[DATE]21 nov 2005 17:59:55,629
[PRIORIDAD]INFO
[THREAD]main
[MENSAJE]----------------------------------------------------

[INICIO]
[DATE]21 nov 2005 17:59:55,634
[PRIORIDAD]INFO
[THREAD]main
[MENSAJE]Se inicia una nueva ejecución

[INICIO]
[DATE]22 nov 2005 12:23:09,712
[PRIORIDAD]INFO
[THREAD]main
[MENSAJE]----------------------------------------------------

[INICIO]
[DATE]22 nov 2005 12:23:09,744
[PRIORIDAD]INFO
[THREAD]main
[MENSAJE]Se inicia una nueva ejecución

[INICIO]
[DATE]22 nov 2005 12:27:13,252
[PRIORIDAD]INFO
[THREAD]main
[MENSAJE]----------------------------------------------------

[INICIO]
[DATE]22 nov 2005 12:27:13,260
[PRIORIDAD]INFO
[THREAD]main
[MENSAJE]Se inicia una nueva ejecución

[INICIO]
[DATE]22 nov 2005 12:29:23,755
[PRIORIDAD]INFO
[THREAD]main
[MENSAJE]----------------------------------------------------

[INICIO]
[DATE]22 nov 2005 12:29:23,757
[PRIORIDAD]INFO
[THREAD]main
[MENSAJE]Se inicia una nueva ejecución

[INICIO]
[DATE]22 nov 2005 12:41:24,884
[PRIORIDAD]INFO
[THREAD]main
[MENSAJE]----------------------------------------------------

[INICIO]
[DATE]22 nov 2005 12:41:24,886
[PRIORIDAD]INFO
[THREAD]main
[MENSAJE]Se inicia una nueva ejecución

[INICIO]
[DATE]22 nov 2005 12:49:12,545
[PRIORIDAD]INFO
[THREAD]main
[MENSAJE]----------------------------------------------------

[INICIO]
[DATE]22 nov 2005 12:49:12,547
[PRIORIDAD]INFO
[THREAD]main
[MENSAJE]Se inicia una nueva ejecución

[INICIO]
[DATE]22 nov 2005 13:11:57,429
[PRIORIDAD]INFO
[THREAD]main
[MENSAJE]----------------------------------------------------

[INICIO]
[DATE]22 nov 2005 13:11:57,431
[PRIORIDAD]INFO
[THREAD]main
[MENSAJE]Se inicia una nueva ejecución

[INICIO]
[DATE]22 nov 2005 13:19:51,709
[PRIORIDAD]INFO
[THREAD]main
[MENSAJE]----------------------------------------------------

[INICIO]
[DATE]22 nov 2005 13:19:51,711
[PRIORIDAD]INFO
[THREAD]main
[MENSAJE]Se inicia una nueva ejecución

[INICIO]
[DATE]22 nov 2005 13:46:57,220
[PRIORIDAD]INFO
[THREAD]main
[MENSAJE]----------------------------------------------------

[INICIO]
[DATE]22 nov 2005 13:46:57,265
[PRIORIDAD]INFO
[THREAD]main
[MENSAJE]Se inicia una nueva ejecución

[INICIO]
[DATE]22 nov 2005 13:50:16,894
[PRIORIDAD]INFO
[THREAD]main
[MENSAJE]----------------------------------------------------

[INICIO]
[DATE]22 nov 2005 13:50:16,898
[PRIORIDAD]INFO
[THREAD]main
[MENSAJE]Se inicia una nueva ejecución

[INICIO]
[DATE]22 nov 2005 20:02:43,910
[PRIORIDAD]INFO
[THREAD]main
[MENSAJE]----------------------------------------------------

[INICIO]
[DATE]22 nov 2005 20:02:43,935
[PRIORIDAD]INFO
[THREAD]main
[MENSAJE]Se inicia una nueva ejecución

[INICIO]
[DATE]22 nov 2005 20:08:54,354
[PRIORIDAD]INFO
[THREAD]main
[MENSAJE]----------------------------------------------------

[INICIO]
[DATE]22 nov 2005 20:08:54,355
[PRIORIDAD]INFO
[THREAD]main
[MENSAJE]Se inicia una nueva ejecución

[INICIO]
[DATE]22 nov 2005 20:10:31,866
[PRIORIDAD]INFO
[THREAD]main
[MENSAJE]----------------------------------------------------

[INICIO]
[DATE]22 nov 2005 20:10:31,868
[PRIORIDAD]INFO
[THREAD]main
[MENSAJE]Se inicia una nueva ejecución

[INICIO]
[DATE]22 nov 2005 20:13:39,962
[PRIORIDAD]INFO
[THREAD]main
[MENSAJE]----------------------------------------------------

[INICIO]
[DATE]22 nov 2005 20:13:39,964
[PRIORIDAD]INFO
[THREAD]main
[MENSAJE]Se inicia una nueva ejecución

[INICIO]
[DATE]22 nov 2005 20:22:26,479
[PRIORIDAD]INFO
[THREAD]main
[MENSAJE]----------------------------------------------------

[INICIO]
[DATE]22 nov 2005 20:22:26,480
[PRIORIDAD]INFO
[THREAD]main
[MENSAJE]Se inicia una nueva ejecución

[INICIO]
[DATE]22 nov 2005 20:24:48,747
[PRIORIDAD]INFO
[THREAD]main
[MENSAJE]----------------------------------------------------

[INICIO]
[DATE]22 nov 2005 20:24:48,749
[PRIORIDAD]INFO
[THREAD]main
[MENSAJE]Se inicia una nueva ejecución

[INICIO]
[DATE]22 nov 2005 20:25:40,326
[PRIORIDAD]INFO
[THREAD]main
[MENSAJE]----------------------------------------------------

[INICIO]
[DATE]22 nov 2005 20:25:40,327
[PRIORIDAD]INFO
[THREAD]main
[MENSAJE]Se inicia una nueva ejecución

[INICIO]
[DATE]22 nov 2005 20:26:25,330
[PRIORIDAD]INFO
[THREAD]main
[MENSAJE]----------------------------------------------------

[INICIO]
[DATE]22 nov 2005 20:26:25,332
[PRIORIDAD]INFO
[THREAD]main
[MENSAJE]Se inicia una nueva ejecución

[INICIO]
[DATE]22 nov 2005 20:30:38,382
[PRIORIDAD]INFO
[THREAD]main
[MENSAJE]----------------------------------------------------

[INICIO]
[DATE]22 nov 2005 20:30:38,383
[PRIORIDAD]INFO
[THREAD]main
[MENSAJE]Se inicia una nueva ejecución

[INICIO]
[DATE]22 nov 2005 20:32:15,575
[PRIORIDAD]INFO
[THREAD]main
[MENSAJE]----------------------------------------------------

[INICIO]
[DATE]22 nov 2005 20:32:15,576
[PRIORIDAD]INFO
[THREAD]main
[MENSAJE]Se inicia una nueva ejecución

[INICIO]
[DATE]22 nov 2005 20:52:39,878
[PRIORIDAD]INFO
[THREAD]main
[MENSAJE]----------------------------------------------------

[INICIO]
[DATE]22 nov 2005 20:52:39,879
[PRIORIDAD]INFO
[THREAD]main
[MENSAJE]Se inicia una nueva ejecución

[INICIO]
[DATE]22 nov 2005 20:58:40,086
[PRIORIDAD]INFO
[THREAD]main
[MENSAJE]----------------------------------------------------

[INICIO]
[DATE]22 nov 2005 20:58:40,088
[PRIORIDAD]INFO
[THREAD]main
[MENSAJE]Se inicia una nueva ejecución

[INICIO]
[DATE]22 nov 2005 21:09:38,412
[PRIORIDAD]INFO
[THREAD]main
[MENSAJE]----------------------------------------------------

[INICIO]
[DATE]22 nov 2005 21:09:38,414
[PRIORIDAD]INFO
[THREAD]main
[MENSAJE]Se inicia una nueva ejecución

[INICIO]
[DATE]22 nov 2005 21:13:53,567
[PRIORIDAD]INFO
[THREAD]main
[MENSAJE]----------------------------------------------------

[INICIO]
[DATE]22 nov 2005 21:13:53,569
[PRIORIDAD]INFO
[THREAD]main
[MENSAJE]Se inicia una nueva ejecución

[INICIO]
[DATE]22 nov 2005 21:17:20,629
[PRIORIDAD]INFO
[THREAD]main
[MENSAJE]----------------------------------------------------

[INICIO]
[DATE]22 nov 2005 21:17:20,631
[PRIORIDAD]INFO
[THREAD]main
[MENSAJE]Se inicia una nueva ejecución

[INICIO]
[DATE]22 nov 2005 21:20:54,218
[PRIORIDAD]INFO
[THREAD]main
[MENSAJE]----------------------------------------------------

[INICIO]
[DATE]22 nov 2005 21:20:54,220
[PRIORIDAD]INFO
[THREAD]main
[MENSAJE]Se inicia una nueva ejecución

[INICIO]
[DATE]22 nov 2005 21:50:11,462
[PRIORIDAD]INFO
[THREAD]main
[MENSAJE]----------------------------------------------------

[INICIO]
[DATE]22 nov 2005 21:50:11,464
[PRIORIDAD]INFO
[THREAD]main
[MENSAJE]Se inicia una nueva ejecución

[INICIO]
[DATE]22 nov 2005 21:52:39,775
[PRIORIDAD]INFO
[THREAD]main
[MENSAJE]----------------------------------------------------

[INICIO]
[DATE]22 nov 2005 21:52:39,777
[PRIORIDAD]INFO
[THREAD]main
[MENSAJE]Se inicia una nueva ejecución

[INICIO]
[DATE]23 nov 2005 10:58:05,440
[PRIORIDAD]INFO
[THREAD]main
[MENSAJE]----------------------------------------------------

[INICIO]
[DATE]23 nov 2005 10:58:05,471
[PRIORIDAD]INFO
[THREAD]main
[MENSAJE]Se inicia una nueva ejecución

[INICIO]
[DATE]23 nov 2005 11:10:15,527
[PRIORIDAD]INFO
[THREAD]main
[MENSAJE]----------------------------------------------------

[INICIO]
[DATE]23 nov 2005 11:10:15,558
[PRIORIDAD]INFO
[THREAD]main
[MENSAJE]Se inicia una nueva ejecución

[INICIO]
[DATE]23 nov 2005 11:11:44,578
[PRIORIDAD]INFO
[THREAD]main
[MENSAJE]----------------------------------------------------

[INICIO]
[DATE]23 nov 2005 11:11:44,580
[PRIORIDAD]INFO
[THREAD]main
[MENSAJE]Se inicia una nueva ejecución

[INICIO]
[DATE]23 nov 2005 11:31:51,004
[PRIORIDAD]INFO
[THREAD]main
[MENSAJE]----------------------------------------------------

[INICIO]
[DATE]23 nov 2005 11:31:51,006
[PRIORIDAD]INFO
[THREAD]main
[MENSAJE]Se inicia una nueva ejecución

[INICIO]
[DATE]23 nov 2005 11:41:53,309
[PRIORIDAD]INFO
[THREAD]main
[MENSAJE]----------------------------------------------------

[INICIO]
[DATE]23 nov 2005 11:41:53,311
[PRIORIDAD]INFO
[THREAD]main
[MENSAJE]Se inicia una nueva ejecución

[INICIO]
[DATE]24 nov 2005 21:46:19,261
[PRIORIDAD]INFO
[THREAD]main
[MENSAJE]----------------------------------------------------

[INICIO]
[DATE]24 nov 2005 21:46:19,289
[PRIORIDAD]INFO
[THREAD]main
[MENSAJE]Se inicia una nueva ejecución

[INICIO]
[DATE]24 nov 2005 21:53:28,888
[PRIORIDAD]INFO
[THREAD]main
[MENSAJE]----------------------------------------------------

[INICIO]
[DATE]24 nov 2005 21:53:28,890
[PRIORIDAD]INFO
[THREAD]main
[MENSAJE]Se inicia una nueva ejecución

[INICIO]
[DATE]24 nov 2005 21:56:12,865
[PRIORIDAD]INFO
[THREAD]main
[MENSAJE]----------------------------------------------------

[INICIO]
[DATE]24 nov 2005 21:56:12,866
[PRIORIDAD]INFO
[THREAD]main
[MENSAJE]Se inicia una nueva ejecución

[INICIO]
[DATE]24 nov 2005 22:03:31,366
[PRIORIDAD]INFO
[THREAD]main
[MENSAJE]----------------------------------------------------

[INICIO]
[DATE]24 nov 2005 22:03:31,367
[PRIORIDAD]INFO
[THREAD]main
[MENSAJE]Se inicia una nueva ejecución

[INICIO]
[DATE]24 nov 2005 22:04:33,942
[PRIORIDAD]INFO
[THREAD]main
[MENSAJE]----------------------------------------------------

[INICIO]
[DATE]24 nov 2005 22:04:33,944
[PRIORIDAD]INFO
[THREAD]main
[MENSAJE]Se inicia una nueva ejecución

[INICIO]
[DATE]25 nov 2005 10:19:06,781
[PRIORIDAD]INFO
[THREAD]main
[MENSAJE]----------------------------------------------------

[INICIO]
[DATE]25 nov 2005 10:19:06,811
[PRIORIDAD]INFO
[THREAD]main
[MENSAJE]Se inicia una nueva ejecución

[INICIO]
[DATE]25 nov 2005 10:20:45,261
[PRIORIDAD]INFO
[THREAD]main
[MENSAJE]----------------------------------------------------

[INICIO]
[DATE]25 nov 2005 10:20:45,262
[PRIORIDAD]INFO
[THREAD]main
[MENSAJE]Se inicia una nueva ejecución

[INICIO]
[DATE]25 nov 2005 10:21:34,828
[PRIORIDAD]INFO
[THREAD]main
[MENSAJE]----------------------------------------------------

[INICIO]
[DATE]25 nov 2005 10:21:34,829
[PRIORIDAD]INFO
[THREAD]main
[MENSAJE]Se inicia una nueva ejecución

[INICIO]
[DATE]25 nov 2005 10:41:22,045
[PRIORIDAD]INFO
[THREAD]main
[MENSAJE]----------------------------------------------------

[INICIO]
[DATE]25 nov 2005 10:41:22,047
[PRIORIDAD]INFO
[THREAD]main
[MENSAJE]Se inicia una nueva ejecución

[INICIO]
[DATE]25 nov 2005 15:48:56,802
[PRIORIDAD]INFO
[THREAD]main
[MENSAJE]----------------------------------------------------

[INICIO]
[DATE]25 nov 2005 15:48:56,823
[PRIORIDAD]INFO
[THREAD]main
[MENSAJE]Se inicia una nueva ejecución

[INICIO]
[DATE]25 nov 2005 15:49:50,052
[PRIORIDAD]INFO
[THREAD]main
[MENSAJE]----------------------------------------------------

[INICIO]
[DATE]25 nov 2005 15:49:50,053
[PRIORIDAD]INFO
[THREAD]main
[MENSAJE]Se inicia una nueva ejecución

[INICIO]
[DATE]25 nov 2005 15:50:22,085
[PRIORIDAD]INFO
[THREAD]main
[MENSAJE]----------------------------------------------------

[INICIO]
[DATE]25 nov 2005 15:50:22,086
[PRIORIDAD]INFO
[THREAD]main
[MENSAJE]Se inicia una nueva ejecución

[INICIO]
[DATE]27 nov 2005 21:52:58,571
[PRIORIDAD]INFO
[THREAD]main
[MENSAJE]----------------------------------------------------

[INICIO]
[DATE]27 nov 2005 21:52:58,598
[PRIORIDAD]INFO
[THREAD]main
[MENSAJE]Se inicia una nueva ejecución

[INICIO]
[DATE]27 nov 2005 21:57:45,257
[PRIORIDAD]INFO
[THREAD]main
[MENSAJE]----------------------------------------------------

[INICIO]
[DATE]27 nov 2005 21:57:45,312
[PRIORIDAD]INFO
[THREAD]main
[MENSAJE]Se inicia una nueva ejecución

[INICIO]
[DATE]28 nov 2005 13:26:05,596
[PRIORIDAD]INFO
[THREAD]main
[MENSAJE]----------------------------------------------------

[INICIO]
[DATE]28 nov 2005 13:26:05,606
[PRIORIDAD]INFO
[THREAD]main
[MENSAJE]Se inicia una nueva ejecución

[INICIO]
[DATE]28 nov 2005 13:28:24,836
[PRIORIDAD]INFO
[THREAD]main
[MENSAJE]----------------------------------------------------

[INICIO]
[DATE]28 nov 2005 13:28:24,837
[PRIORIDAD]INFO
[THREAD]main
[MENSAJE]Se inicia una nueva ejecución

[INICIO]
[DATE]28 nov 2005 19:40:18,044
[PRIORIDAD]INFO
[THREAD]main
[MENSAJE]----------------------------------------------------

[INICIO]
[DATE]28 nov 2005 19:40:18,073
[PRIORIDAD]INFO
[THREAD]main
[MENSAJE]Se inicia una nueva ejecución

[INICIO]
[DATE]28 nov 2005 19:42:14,885
[PRIORIDAD]INFO
[THREAD]main
[MENSAJE]----------------------------------------------------

[INICIO]
[DATE]28 nov 2005 19:42:14,886
[PRIORIDAD]INFO
[THREAD]main
[MENSAJE]Se inicia una nueva ejecución

[INICIO]
[DATE]30 nov 2005 17:33:05,694
[PRIORIDAD]INFO
[THREAD]main
[MENSAJE]----------------------------------------------------

[INICIO]
[DATE]30 nov 2005 17:33:05,715
[PRIORIDAD]INFO
[THREAD]main
[MENSAJE]Se inicia una nueva ejecución

[INICIO]
[DATE]30 nov 2005 17:34:55,526
[PRIORIDAD]INFO
[THREAD]main
[MENSAJE]----------------------------------------------------

[INICIO]
[DATE]30 nov 2005 17:34:55,530
[PRIORIDAD]INFO
[THREAD]main
[MENSAJE]Se inicia una nueva ejecución

[INICIO]
[DATE]30 nov 2005 17:59:41,215
[PRIORIDAD]INFO
[THREAD]main
[MENSAJE]----------------------------------------------------

[INICIO]
[DATE]30 nov 2005 17:59:41,219
[PRIORIDAD]INFO
[THREAD]main
[MENSAJE]Se inicia una nueva ejecución

[INICIO]
[DATE]30 nov 2005 18:00:37,602
[PRIORIDAD]INFO
[THREAD]main
[MENSAJE]----------------------------------------------------

[INICIO]
[DATE]30 nov 2005 18:00:37,605
[PRIORIDAD]INFO
[THREAD]main
[MENSAJE]Se inicia una nueva ejecución

[INICIO]
[DATE]30 nov 2005 18:04:36,624
[PRIORIDAD]INFO
[THREAD]main
[MENSAJE]----------------------------------------------------

[INICIO]
[DATE]30 nov 2005 18:04:36,628
[PRIORIDAD]INFO
[THREAD]main
[MENSAJE]Se inicia una nueva ejecución

[INICIO]
[DATE]30 nov 2005 18:20:29,614
[PRIORIDAD]INFO
[THREAD]main
[MENSAJE]----------------------------------------------------

[INICIO]
[DATE]30 nov 2005 18:20:29,618
[PRIORIDAD]INFO
[THREAD]main
[MENSAJE]Se inicia una nueva ejecución

[INICIO]
[DATE]30 nov 2005 18:30:02,243
[PRIORIDAD]INFO
[THREAD]main
[MENSAJE]----------------------------------------------------

[INICIO]
[DATE]30 nov 2005 18:30:02,247
[PRIORIDAD]INFO
[THREAD]main
[MENSAJE]Se inicia una nueva ejecución

[INICIO]
[DATE]30 nov 2005 18:31:35,382
[PRIORIDAD]INFO
[THREAD]main
[MENSAJE]----------------------------------------------------

[INICIO]
[DATE]30 nov 2005 18:31:35,390
[PRIORIDAD]INFO
[THREAD]main
[MENSAJE]Se inicia una nueva ejecución

[INICIO]
[DATE]30 nov 2005 18:31:59,084
[PRIORIDAD]INFO
[THREAD]main
[MENSAJE]----------------------------------------------------

[INICIO]
[DATE]30 nov 2005 18:31:59,088
[PRIORIDAD]INFO
[THREAD]main
[MENSAJE]Se inicia una nueva ejecución

[INICIO]
[DATE]30 nov 2005 18:33:02,075
[PRIORIDAD]INFO
[THREAD]main
[MENSAJE]----------------------------------------------------

[INICIO]
[DATE]30 nov 2005 18:33:02,079
[PRIORIDAD]INFO
[THREAD]main
[MENSAJE]Se inicia una nueva ejecución

[INICIO]
[DATE]30 nov 2005 18:58:31,827
[PRIORIDAD]INFO
[THREAD]main
[MENSAJE]----------------------------------------------------

[INICIO]
[DATE]30 nov 2005 18:58:31,830
[PRIORIDAD]INFO
[THREAD]main
[MENSAJE]Se inicia una nueva ejecución

[INICIO]
[DATE]30 nov 2005 19:03:03,931
[PRIORIDAD]INFO
[THREAD]main
[MENSAJE]----------------------------------------------------

[INICIO]
[DATE]30 nov 2005 19:03:03,935
[PRIORIDAD]INFO
[THREAD]main
[MENSAJE]Se inicia una nueva ejecución

[INICIO]
[DATE]30 nov 2005 19:04:27,741
[PRIORIDAD]INFO
[THREAD]main
[MENSAJE]----------------------------------------------------

[INICIO]
[DATE]30 nov 2005 19:04:27,745
[PRIORIDAD]INFO
[THREAD]main
[MENSAJE]Se inicia una nueva ejecución

[INICIO]
[DATE]30 nov 2005 19:05:54,300
[PRIORIDAD]INFO
[THREAD]main
[MENSAJE]----------------------------------------------------

[INICIO]
[DATE]30 nov 2005 19:05:54,303
[PRIORIDAD]INFO
[THREAD]main
[MENSAJE]Se inicia una nueva ejecución

[INICIO]
[DATE]30 nov 2005 19:07:57,789
[PRIORIDAD]INFO
[THREAD]main
[MENSAJE]----------------------------------------------------

[INICIO]
[DATE]30 nov 2005 19:07:57,793
[PRIORIDAD]INFO
[THREAD]main
[MENSAJE]Se inicia una nueva ejecución

[INICIO]
[DATE]30 nov 2005 19:09:46,988
[PRIORIDAD]INFO
[THREAD]main
[MENSAJE]----------------------------------------------------

[INICIO]
[DATE]30 nov 2005 19:09:46,995
[PRIORIDAD]INFO
[THREAD]main
[MENSAJE]Se inicia una nueva ejecución

[INICIO]
[DATE]30 nov 2005 19:40:13,597
[PRIORIDAD]INFO
[THREAD]main
[MENSAJE]----------------------------------------------------

[INICIO]
[DATE]30 nov 2005 19:40:13,603
[PRIORIDAD]INFO
[THREAD]main
[MENSAJE]Se inicia una nueva ejecución

[INICIO]
[DATE]30 nov 2005 19:41:34,206
[PRIORIDAD]INFO
[THREAD]main
[MENSAJE]----------------------------------------------------

[INICIO]
[DATE]30 nov 2005 19:41:34,213
[PRIORIDAD]INFO
[THREAD]main
[MENSAJE]Se inicia una nueva ejecución

[INICIO]
[DATE]30 nov 2005 19:42:31,352
[PRIORIDAD]INFO
[THREAD]main
[MENSAJE]----------------------------------------------------

[INICIO]
[DATE]30 nov 2005 19:42:31,355
[PRIORIDAD]INFO
[THREAD]main
[MENSAJE]Se inicia una nueva ejecución

[INICIO]
[DATE]30 nov 2005 19:43:22,926
[PRIORIDAD]INFO
[THREAD]main
[MENSAJE]----------------------------------------------------

[INICIO]
[DATE]30 nov 2005 19:43:22,930
[PRIORIDAD]INFO
[THREAD]main
[MENSAJE]Se inicia una nueva ejecución

[INICIO]
[DATE]30 nov 2005 19:43:58,580
[PRIORIDAD]INFO
[THREAD]main
[MENSAJE]----------------------------------------------------

[INICIO]
[DATE]30 nov 2005 19:43:58,583
[PRIORIDAD]INFO
[THREAD]main
[MENSAJE]Se inicia una nueva ejecución

[INICIO]
[DATE]30 nov 2005 19:53:06,431
[PRIORIDAD]INFO
[THREAD]main
[MENSAJE]----------------------------------------------------

[INICIO]
[DATE]30 nov 2005 19:53:06,435
[PRIORIDAD]INFO
[THREAD]main
[MENSAJE]Se inicia una nueva ejecución

[INICIO]
[DATE]30 nov 2005 19:54:14,450
[PRIORIDAD]INFO
[THREAD]main
[MENSAJE]----------------------------------------------------

[INICIO]
[DATE]30 nov 2005 19:54:14,453
[PRIORIDAD]INFO
[THREAD]main
[MENSAJE]Se inicia una nueva ejecución

[INICIO]
[DATE]30 nov 2005 19:58:03,349
[PRIORIDAD]INFO
[THREAD]main
[MENSAJE]----------------------------------------------------

[INICIO]
[DATE]30 nov 2005 19:58:03,354
[PRIORIDAD]INFO
[THREAD]main
[MENSAJE]Se inicia una nueva ejecución

[INICIO]
[DATE]30 nov 2005 20:00:31,536
[PRIORIDAD]INFO
[THREAD]main
[MENSAJE]----------------------------------------------------

[INICIO]
[DATE]30 nov 2005 20:00:31,540
[PRIORIDAD]INFO
[THREAD]main
[MENSAJE]Se inicia una nueva ejecución

[INICIO]
[DATE]30 nov 2005 20:02:08,519
[PRIORIDAD]INFO
[THREAD]main
[MENSAJE]----------------------------------------------------

[INICIO]
[DATE]30 nov 2005 20:02:08,522
[PRIORIDAD]INFO
[THREAD]main
[MENSAJE]Se inicia una nueva ejecución

[INICIO]
[DATE]18 dic 2005 13:50:02,927
[PRIORIDAD]INFO
[THREAD]main
[MENSAJE]----------------------------------------------------

[INICIO]
[DATE]18 dic 2005 13:50:02,947
[PRIORIDAD]INFO
[THREAD]main
[MENSAJE]Se inicia una nueva ejecución

[INICIO]
[DATE]19 dic 2005 13:12:42,873
[PRIORIDAD]INFO
[THREAD]main
[MENSAJE]----------------------------------------------------

[INICIO]
[DATE]19 dic 2005 13:12:42,900
[PRIORIDAD]INFO
[THREAD]main
[MENSAJE]Se inicia una nueva ejecución

[INICIO]
[DATE]19 dic 2005 13:20:33,116
[PRIORIDAD]INFO
[THREAD]main
[MENSAJE]----------------------------------------------------

[INICIO]
[DATE]19 dic 2005 13:20:33,120
[PRIORIDAD]INFO
[THREAD]main
[MENSAJE]Se inicia una nueva ejecución

[INICIO]
[DATE]19 dic 2005 13:38:25,417
[PRIORIDAD]INFO
[THREAD]main
[MENSAJE]----------------------------------------------------

[INICIO]
[DATE]19 dic 2005 13:38:25,421
[PRIORIDAD]INFO
[THREAD]main
[MENSAJE]Se inicia una nueva ejecución

[INICIO]
[DATE]19 dic 2005 15:18:05,089
[PRIORIDAD]INFO
[THREAD]main
[MENSAJE]----------------------------------------------------

[INICIO]
[DATE]19 dic 2005 15:18:05,121
[PRIORIDAD]INFO
[THREAD]main
[MENSAJE]Se inicia una nueva ejecución

[INICIO]
[DATE]19 dic 2005 15:19:02,202
[PRIORIDAD]INFO
[THREAD]main
[MENSAJE]----------------------------------------------------

[INICIO]
[DATE]19 dic 2005 15:19:02,203
[PRIORIDAD]INFO
[THREAD]main
[MENSAJE]Se inicia una nueva ejecución

[INICIO]
[DATE]19 dic 2005 15:26:18,435
[PRIORIDAD]INFO
[THREAD]main
[MENSAJE]----------------------------------------------------

[INICIO]
[DATE]19 dic 2005 15:26:18,436
[PRIORIDAD]INFO
[THREAD]main
[MENSAJE]Se inicia una nueva ejecución

[INICIO]
[DATE]19 dic 2005 15:29:24,067
[PRIORIDAD]INFO
[THREAD]main
[MENSAJE]----------------------------------------------------

[INICIO]
[DATE]19 dic 2005 15:29:24,069
[PRIORIDAD]INFO
[THREAD]main
[MENSAJE]Se inicia una nueva ejecución

[INICIO]
[DATE]19 dic 2005 15:29:40,474
[PRIORIDAD]INFO
[THREAD]main
[MENSAJE]----------------------------------------------------

[INICIO]
[DATE]19 dic 2005 15:29:40,476
[PRIORIDAD]INFO
[THREAD]main
[MENSAJE]Se inicia una nueva ejecución

[INICIO]
[DATE]19 dic 2005 15:31:53,222
[PRIORIDAD]INFO
[THREAD]main
[MENSAJE]----------------------------------------------------

[INICIO]
[DATE]19 dic 2005 15:31:53,224
[PRIORIDAD]INFO
[THREAD]main
[MENSAJE]Se inicia una nueva ejecución

[INICIO]
[DATE]19 dic 2005 15:33:19,653
[PRIORIDAD]INFO
[THREAD]main
[MENSAJE]----------------------------------------------------

[INICIO]
[DATE]19 dic 2005 15:33:19,655
[PRIORIDAD]INFO
[THREAD]main
[MENSAJE]Se inicia una nueva ejecución

[INICIO]
[DATE]19 dic 2005 15:35:14,533
[PRIORIDAD]INFO
[THREAD]main
[MENSAJE]----------------------------------------------------

[INICIO]
[DATE]19 dic 2005 15:35:14,535
[PRIORIDAD]INFO
[THREAD]main
[MENSAJE]Se inicia una nueva ejecución

[INICIO]
[DATE]19 dic 2005 15:41:16,931
[PRIORIDAD]INFO
[THREAD]main
[MENSAJE]----------------------------------------------------

[INICIO]
[DATE]19 dic 2005 15:41:16,933
[PRIORIDAD]INFO
[THREAD]main
[MENSAJE]Se inicia una nueva ejecución

[INICIO]
[DATE]19 dic 2005 15:43:03,317
[PRIORIDAD]INFO
[THREAD]main
[MENSAJE]----------------------------------------------------

[INICIO]
[DATE]19 dic 2005 15:43:03,319
[PRIORIDAD]INFO
[THREAD]main
[MENSAJE]Se inicia una nueva ejecución

[INICIO]
[DATE]19 dic 2005 15:48:19,004
[PRIORIDAD]INFO
[THREAD]main
[MENSAJE]----------------------------------------------------

[INICIO]
[DATE]19 dic 2005 15:48:19,005
[PRIORIDAD]INFO
[THREAD]main
[MENSAJE]Se inicia una nueva ejecución

[INICIO]
[DATE]19 dic 2005 15:52:16,601
[PRIORIDAD]INFO
[THREAD]main
[MENSAJE]----------------------------------------------------

[INICIO]
[DATE]19 dic 2005 15:52:16,602
[PRIORIDAD]INFO
[THREAD]main
[MENSAJE]Se inicia una nueva ejecución

[INICIO]
[DATE]19 dic 2005 16:08:20,324
[PRIORIDAD]INFO
[THREAD]main
[MENSAJE]----------------------------------------------------

[INICIO]
[DATE]19 dic 2005 16:08:20,354
[PRIORIDAD]INFO
[THREAD]main
[MENSAJE]Se inicia una nueva ejecución

[INICIO]
[DATE]19 dic 2005 16:10:07,686
[PRIORIDAD]INFO
[THREAD]main
[MENSAJE]----------------------------------------------------

[INICIO]
[DATE]19 dic 2005 16:10:07,688
[PRIORIDAD]INFO
[THREAD]main
[MENSAJE]Se inicia una nueva ejecución

[INICIO]
[DATE]19 dic 2005 16:11:29,468
[PRIORIDAD]INFO
[THREAD]main
[MENSAJE]----------------------------------------------------

[INICIO]
[DATE]19 dic 2005 16:11:29,470
[PRIORIDAD]INFO
[THREAD]main
[MENSAJE]Se inicia una nueva ejecución

[INICIO]
[DATE]19 dic 2005 16:13:37,226
[PRIORIDAD]INFO
[THREAD]main
[MENSAJE]----------------------------------------------------

[INICIO]
[DATE]19 dic 2005 16:13:37,228
[PRIORIDAD]INFO
[THREAD]main
[MENSAJE]Se inicia una nueva ejecución

[INICIO]
[DATE]19 dic 2005 16:15:23,929
[PRIORIDAD]INFO
[THREAD]main
[MENSAJE]----------------------------------------------------

[INICIO]
[DATE]19 dic 2005 16:15:23,930
[PRIORIDAD]INFO
[THREAD]main
[MENSAJE]Se inicia una nueva ejecución

[INICIO]
[DATE]19 dic 2005 16:15:46,729
[PRIORIDAD]INFO
[THREAD]main
[MENSAJE]----------------------------------------------------

[INICIO]
[DATE]19 dic 2005 16:15:46,731
[PRIORIDAD]INFO
[THREAD]main
[MENSAJE]Se inicia una nueva ejecución

[INICIO]
[DATE]19 dic 2005 16:17:18,170
[PRIORIDAD]INFO
[THREAD]main
[MENSAJE]----------------------------------------------------

[INICIO]
[DATE]19 dic 2005 16:17:18,172
[PRIORIDAD]INFO
[THREAD]main
[MENSAJE]Se inicia una nueva ejecución

[INICIO]
[DATE]19 dic 2005 16:22:32,268
[PRIORIDAD]INFO
[THREAD]main
[MENSAJE]----------------------------------------------------

[INICIO]
[DATE]19 dic 2005 16:22:32,270
[PRIORIDAD]INFO
[THREAD]main
[MENSAJE]Se inicia una nueva ejecución

[INICIO]
[DATE]19 dic 2005 16:26:20,194
[PRIORIDAD]INFO
[THREAD]main
[MENSAJE]----------------------------------------------------

[INICIO]
[DATE]19 dic 2005 16:26:20,196
[PRIORIDAD]INFO
[THREAD]main
[MENSAJE]Se inicia una nueva ejecución

[INICIO]
[DATE]19 dic 2005 16:27:33,422
[PRIORIDAD]INFO
[THREAD]main
[MENSAJE]----------------------------------------------------

[INICIO]
[DATE]19 dic 2005 16:27:33,424
[PRIORIDAD]INFO
[THREAD]main
[MENSAJE]Se inicia una nueva ejecución

[INICIO]
[DATE]25 dic 2005 16:59:36,514
[PRIORIDAD]INFO
[THREAD]main
[MENSAJE]----------------------------------------------------

[INICIO]
[DATE]25 dic 2005 16:59:36,546
[PRIORIDAD]INFO
[THREAD]main
[MENSAJE]Se inicia una nueva ejecución

[INICIO]
[DATE]28 dic 2005 19:46:54,672
[PRIORIDAD]INFO
[THREAD]main
[MENSAJE]----------------------------------------------------

[INICIO]
[DATE]28 dic 2005 19:46:54,691
[PRIORIDAD]INFO
[THREAD]main
[MENSAJE]Se inicia una nueva ejecución

[INICIO]
[DATE]28 dic 2005 19:52:01,702
[PRIORIDAD]INFO
[THREAD]main
[MENSAJE]----------------------------------------------------

[INICIO]
[DATE]28 dic 2005 19:52:01,703
[PRIORIDAD]INFO
[THREAD]main
[MENSAJE]Se inicia una nueva ejecución

[INICIO]
[DATE]28 dic 2005 20:00:57,228
[PRIORIDAD]INFO
[THREAD]main
[MENSAJE]----------------------------------------------------

[INICIO]
[DATE]28 dic 2005 20:00:57,229
[PRIORIDAD]INFO
[THREAD]main
[MENSAJE]Se inicia una nueva ejecución

[INICIO]
[DATE]28 dic 2005 20:05:43,687
[PRIORIDAD]INFO
[THREAD]main
[MENSAJE]----------------------------------------------------

[INICIO]
[DATE]28 dic 2005 20:05:43,688
[PRIORIDAD]INFO
[THREAD]main
[MENSAJE]Se inicia una nueva ejecución

[INICIO]
[DATE]28 dic 2005 20:07:58,022
[PRIORIDAD]INFO
[THREAD]main
[MENSAJE]----------------------------------------------------

[INICIO]
[DATE]28 dic 2005 20:07:58,023
[PRIORIDAD]INFO
[THREAD]main
[MENSAJE]Se inicia una nueva ejecución

[INICIO]
[DATE]28 dic 2005 20:09:42,521
[PRIORIDAD]INFO
[THREAD]main
[MENSAJE]----------------------------------------------------

[INICIO]
[DATE]28 dic 2005 20:09:42,522
[PRIORIDAD]INFO
[THREAD]main
[MENSAJE]Se inicia una nueva ejecución

[INICIO]
[DATE]28 dic 2005 20:11:46,541
[PRIORIDAD]INFO
[THREAD]main
[MENSAJE]----------------------------------------------------

[INICIO]
[DATE]28 dic 2005 20:11:46,544
[PRIORIDAD]INFO
[THREAD]main
[MENSAJE]Se inicia una nueva ejecución

[INICIO]
[DATE]28 dic 2005 20:24:36,256
[PRIORIDAD]INFO
[THREAD]main
[MENSAJE]----------------------------------------------------

[INICIO]
[DATE]28 dic 2005 20:24:36,259
[PRIORIDAD]INFO
[THREAD]main
[MENSAJE]Se inicia una nueva ejecución

[INICIO]
[DATE]28 dic 2005 20:30:43,447
[PRIORIDAD]INFO
[THREAD]main
[MENSAJE]----------------------------------------------------

[INICIO]
[DATE]28 dic 2005 20:30:43,449
[PRIORIDAD]INFO
[THREAD]main
[MENSAJE]Se inicia una nueva ejecución

[INICIO]
[DATE]28 dic 2005 20:39:25,787
[PRIORIDAD]INFO
[THREAD]main
[MENSAJE]----------------------------------------------------

[INICIO]
[DATE]28 dic 2005 20:39:25,788
[PRIORIDAD]INFO
[THREAD]main
[MENSAJE]Se inicia una nueva ejecución

[INICIO]
[DATE]28 dic 2005 20:59:09,476
[PRIORIDAD]INFO
[THREAD]main
[MENSAJE]----------------------------------------------------

[INICIO]
[DATE]28 dic 2005 20:59:09,508
[PRIORIDAD]INFO
[THREAD]main
[MENSAJE]Se inicia una nueva ejecución

[INICIO]
[DATE]28 dic 2005 21:12:06,188
[PRIORIDAD]INFO
[THREAD]main
[MENSAJE]----------------------------------------------------

[INICIO]
[DATE]28 dic 2005 21:12:06,189
[PRIORIDAD]INFO
[THREAD]main
[MENSAJE]Se inicia una nueva ejecución

[INICIO]
[DATE]28 dic 2005 21:15:55,771
[PRIORIDAD]INFO
[THREAD]main
[MENSAJE]----------------------------------------------------

[INICIO]
[DATE]28 dic 2005 21:15:55,772
[PRIORIDAD]INFO
[THREAD]main
[MENSAJE]Se inicia una nueva ejecución

[INICIO]
[DATE]28 dic 2005 21:17:39,846
[PRIORIDAD]INFO
[THREAD]main
[MENSAJE]----------------------------------------------------

[INICIO]
[DATE]28 dic 2005 21:17:39,847
[PRIORIDAD]INFO
[THREAD]main
[MENSAJE]Se inicia una nueva ejecución

[INICIO]
[DATE]28 dic 2005 21:18:34,594
[PRIORIDAD]INFO
[THREAD]main
[MENSAJE]----------------------------------------------------

[INICIO]
[DATE]28 dic 2005 21:18:34,595
[PRIORIDAD]INFO
[THREAD]main
[MENSAJE]Se inicia una nueva ejecución

[INICIO]
[DATE]28 dic 2005 21:25:10,751
[PRIORIDAD]INFO
[THREAD]main
[MENSAJE]----------------------------------------------------

[INICIO]
[DATE]28 dic 2005 21:25:10,752
[PRIORIDAD]INFO
[THREAD]main
[MENSAJE]Se inicia una nueva ejecución

[INICIO]
[DATE]28 dic 2005 21:32:57,789
[PRIORIDAD]INFO
[THREAD]main
[MENSAJE]----------------------------------------------------

[INICIO]
[DATE]28 dic 2005 21:32:57,791
[PRIORIDAD]INFO
[THREAD]main
[MENSAJE]Se inicia una nueva ejecución

[INICIO]
[DATE]28 dic 2005 21:37:28,770
[PRIORIDAD]INFO
[THREAD]main
[MENSAJE]----------------------------------------------------

[INICIO]
[DATE]28 dic 2005 21:37:28,771
[PRIORIDAD]INFO
[THREAD]main
[MENSAJE]Se inicia una nueva ejecución

[INICIO]
[DATE]28 dic 2005 21:38:25,154
[PRIORIDAD]INFO
[THREAD]main
[MENSAJE]----------------------------------------------------

[INICIO]
[DATE]28 dic 2005 21:38:25,155
[PRIORIDAD]INFO
[THREAD]main
[MENSAJE]Se inicia una nueva ejecución

[INICIO]
[DATE]28 dic 2005 21:41:36,921
[PRIORIDAD]INFO
[THREAD]main
[MENSAJE]----------------------------------------------------

[INICIO]
[DATE]28 dic 2005 21:41:36,922
[PRIORIDAD]INFO
[THREAD]main
[MENSAJE]Se inicia una nueva ejecución

[INICIO]
[DATE]28 dic 2005 21:41:59,877
[PRIORIDAD]INFO
[THREAD]main
[MENSAJE]----------------------------------------------------

[INICIO]
[DATE]28 dic 2005 21:41:59,878
[PRIORIDAD]INFO
[THREAD]main
[MENSAJE]Se inicia una nueva ejecución

[INICIO]
[DATE]28 dic 2005 21:52:48,081
[PRIORIDAD]INFO
[THREAD]main
[MENSAJE]----------------------------------------------------

[INICIO]
[DATE]28 dic 2005 21:52:48,082
[PRIORIDAD]INFO
[THREAD]main
[MENSAJE]Se inicia una nueva ejecución

[INICIO]
[DATE]28 dic 2005 22:03:17,270
[PRIORIDAD]INFO
[THREAD]main
[MENSAJE]----------------------------------------------------

[INICIO]
[DATE]28 dic 2005 22:03:17,299
[PRIORIDAD]INFO
[THREAD]main
[MENSAJE]Se inicia una nueva ejecución

[INICIO]
[DATE]28 dic 2005 22:04:08,607
[PRIORIDAD]INFO
[THREAD]main
[MENSAJE]----------------------------------------------------

[INICIO]
[DATE]28 dic 2005 22:04:08,610
[PRIORIDAD]INFO
[THREAD]main
[MENSAJE]Se inicia una nueva ejecución

[INICIO]
[DATE]28 dic 2005 22:08:20,562
[PRIORIDAD]INFO
[THREAD]main
[MENSAJE]----------------------------------------------------

[INICIO]
[DATE]28 dic 2005 22:08:20,563
[PRIORIDAD]INFO
[THREAD]main
[MENSAJE]Se inicia una nueva ejecución

[INICIO]
[DATE]28 dic 2005 22:16:05,275
[PRIORIDAD]INFO
[THREAD]main
[MENSAJE]----------------------------------------------------

[INICIO]
[DATE]28 dic 2005 22:16:05,276
[PRIORIDAD]INFO
[THREAD]main
[MENSAJE]Se inicia una nueva ejecución

[INICIO]
[DATE]28 dic 2005 22:19:38,183
[PRIORIDAD]INFO
[THREAD]main
[MENSAJE]----------------------------------------------------

[INICIO]
[DATE]28 dic 2005 22:19:38,186
[PRIORIDAD]INFO
[THREAD]main
[MENSAJE]Se inicia una nueva ejecución

[INICIO]
[DATE]28 dic 2005 22:25:18,820
[PRIORIDAD]INFO
[THREAD]main
[MENSAJE]----------------------------------------------------

[INICIO]
[DATE]28 dic 2005 22:25:18,821
[PRIORIDAD]INFO
[THREAD]main
[MENSAJE]Se inicia una nueva ejecución

[INICIO]
[DATE]29 dic 2005 11:19:58,181
[PRIORIDAD]INFO
[THREAD]main
[MENSAJE]----------------------------------------------------

[INICIO]
[DATE]29 dic 2005 11:19:58,210
[PRIORIDAD]INFO
[THREAD]main
[MENSAJE]Se inicia una nueva ejecución

[INICIO]
[DATE]29 dic 2005 11:33:04,400
[PRIORIDAD]INFO
[THREAD]main
[MENSAJE]----------------------------------------------------

[INICIO]
[DATE]29 dic 2005 11:33:04,430
[PRIORIDAD]INFO
[THREAD]main
[MENSAJE]Se inicia una nueva ejecución

[INICIO]
[DATE]30 dic 2005 11:50:31,456
[PRIORIDAD]INFO
[THREAD]main
[MENSAJE]----------------------------------------------------

[INICIO]
[DATE]30 dic 2005 11:50:31,485
[PRIORIDAD]INFO
[THREAD]main
[MENSAJE]Se inicia una nueva ejecución

[INICIO]
[DATE]30 dic 2005 11:53:04,076
[PRIORIDAD]INFO
[THREAD]main
[MENSAJE]----------------------------------------------------

[INICIO]
[DATE]30 dic 2005 11:53:04,078
[PRIORIDAD]INFO
[THREAD]main
[MENSAJE]Se inicia una nueva ejecución

[INICIO]
[DATE]30 dic 2005 11:53:37,983
[PRIORIDAD]INFO
[THREAD]main
[MENSAJE]----------------------------------------------------

[INICIO]
[DATE]30 dic 2005 11:53:37,984
[PRIORIDAD]INFO
[THREAD]main
[MENSAJE]Se inicia una nueva ejecución

[INICIO]
[DATE]30 dic 2005 11:57:42,030
[PRIORIDAD]INFO
[THREAD]main
[MENSAJE]----------------------------------------------------

[INICIO]
[DATE]30 dic 2005 11:57:42,031
[PRIORIDAD]INFO
[THREAD]main
[MENSAJE]Se inicia una nueva ejecución

[INICIO]
[DATE]30 dic 2005 12:00:07,306
[PRIORIDAD]INFO
[THREAD]main
[MENSAJE]----------------------------------------------------

[INICIO]
[DATE]30 dic 2005 12:00:07,308
[PRIORIDAD]INFO
[THREAD]main
[MENSAJE]Se inicia una nueva ejecución

[INICIO]
[DATE]30 dic 2005 12:01:52,953
[PRIORIDAD]INFO
[THREAD]main
[MENSAJE]----------------------------------------------------

[INICIO]
[DATE]30 dic 2005 12:01:52,954
[PRIORIDAD]INFO
[THREAD]main
[MENSAJE]Se inicia una nueva ejecución

[INICIO]
[DATE]30 dic 2005 12:54:31,485
[PRIORIDAD]INFO
[THREAD]main
[MENSAJE]----------------------------------------------------

[INICIO]
[DATE]30 dic 2005 12:54:31,486
[PRIORIDAD]INFO
[THREAD]main
[MENSAJE]Se inicia una nueva ejecución

[INICIO]
[DATE]30 dic 2005 12:56:08,289
[PRIORIDAD]INFO
[THREAD]main
[MENSAJE]----------------------------------------------------

[INICIO]
[DATE]30 dic 2005 12:56:08,291
[PRIORIDAD]INFO
[THREAD]main
[MENSAJE]Se inicia una nueva ejecución

[INICIO]
[DATE]30 dic 2005 13:00:17,430
[PRIORIDAD]INFO
[THREAD]main
[MENSAJE]----------------------------------------------------

[INICIO]
[DATE]30 dic 2005 13:00:17,432
[PRIORIDAD]INFO
[THREAD]main
[MENSAJE]Se inicia una nueva ejecución

[INICIO]
[DATE]30 dic 2005 13:04:23,766
[PRIORIDAD]INFO
[THREAD]main
[MENSAJE]----------------------------------------------------

[INICIO]
[DATE]30 dic 2005 13:04:23,767
[PRIORIDAD]INFO
[THREAD]main
[MENSAJE]Se inicia una nueva ejecución

[INICIO]
[DATE]30 dic 2005 13:53:26,370
[PRIORIDAD]INFO
[THREAD]main
[MENSAJE]----------------------------------------------------

[INICIO]
[DATE]30 dic 2005 13:53:26,398
[PRIORIDAD]INFO
[THREAD]main
[MENSAJE]Se inicia una nueva ejecución

[INICIO]
[DATE]30 dic 2005 13:53:59,640
[PRIORIDAD]INFO
[THREAD]main
[MENSAJE]----------------------------------------------------

[INICIO]
[DATE]30 dic 2005 13:53:59,641
[PRIORIDAD]INFO
[THREAD]main
[MENSAJE]Se inicia una nueva ejecución

[INICIO]
[DATE]30 dic 2005 13:55:33,617
[PRIORIDAD]INFO
[THREAD]main
[MENSAJE]----------------------------------------------------

[INICIO]
[DATE]30 dic 2005 13:55:33,618
[PRIORIDAD]INFO
[THREAD]main
[MENSAJE]Se inicia una nueva ejecución

[INICIO]
[DATE]30 dic 2005 13:56:14,886
[PRIORIDAD]INFO
[THREAD]main
[MENSAJE]----------------------------------------------------

[INICIO]
[DATE]30 dic 2005 13:56:14,887
[PRIORIDAD]INFO
[THREAD]main
[MENSAJE]Se inicia una nueva ejecución

[INICIO]
[DATE]30 dic 2005 16:13:59,178
[PRIORIDAD]INFO
[THREAD]main
[MENSAJE]----------------------------------------------------

[INICIO]
[DATE]30 dic 2005 16:13:59,206
[PRIORIDAD]INFO
[THREAD]main
[MENSAJE]Se inicia una nueva ejecución

[INICIO]
[DATE]30 dic 2005 16:15:27,328
[PRIORIDAD]INFO
[THREAD]main
[MENSAJE]----------------------------------------------------

[INICIO]
[DATE]30 dic 2005 16:15:27,329
[PRIORIDAD]INFO
[THREAD]main
[MENSAJE]Se inicia una nueva ejecución

[INICIO]
[DATE]31 dic 2005 20:47:02,561
[PRIORIDAD]INFO
[THREAD]main
[MENSAJE]----------------------------------------------------

[INICIO]
[DATE]31 dic 2005 20:47:02,646
[PRIORIDAD]INFO
[THREAD]main
[MENSAJE]Se inicia una nueva ejecución

[INICIO]
[DATE]31 dic 2005 20:49:29,751
[PRIORIDAD]INFO
[THREAD]main
[MENSAJE]----------------------------------------------------

[INICIO]
[DATE]31 dic 2005 20:49:29,752
[PRIORIDAD]INFO
[THREAD]main
[MENSAJE]Se inicia una nueva ejecución

[INICIO]
[DATE]31 dic 2005 21:25:50,413
[PRIORIDAD]INFO
[THREAD]main
[MENSAJE]----------------------------------------------------

[INICIO]
[DATE]31 dic 2005 21:25:50,414
[PRIORIDAD]INFO
[THREAD]main
[MENSAJE]Se inicia una nueva ejecución

[INICIO]
[DATE]31 dic 2005 21:28:47,732
[PRIORIDAD]INFO
[THREAD]main
[MENSAJE]----------------------------------------------------

[INICIO]
[DATE]31 dic 2005 21:28:47,734
[PRIORIDAD]INFO
[THREAD]main
[MENSAJE]Se inicia una nueva ejecución

[INICIO]
[DATE]31 dic 2005 21:29:43,998
[PRIORIDAD]INFO
[THREAD]main
[MENSAJE]----------------------------------------------------

[INICIO]
[DATE]31 dic 2005 21:29:43,999
[PRIORIDAD]INFO
[THREAD]main
[MENSAJE]Se inicia una nueva ejecución

[INICIO]
[DATE]31 dic 2005 21:31:22,159
[PRIORIDAD]INFO
[THREAD]main
[MENSAJE]----------------------------------------------------

[INICIO]
[DATE]31 dic 2005 21:31:22,160
[PRIORIDAD]INFO
[THREAD]main
[MENSAJE]Se inicia una nueva ejecución

[INICIO]
[DATE]31 dic 2005 21:33:31,092
[PRIORIDAD]INFO
[THREAD]main
[MENSAJE]----------------------------------------------------

[INICIO]
[DATE]31 dic 2005 21:33:31,094
[PRIORIDAD]INFO
[THREAD]main
[MENSAJE]Se inicia una nueva ejecución

[INICIO]
[DATE]01 ene 2006 12:49:02,468
[PRIORIDAD]INFO
[THREAD]main
[MENSAJE]----------------------------------------------------

[INICIO]
[DATE]01 ene 2006 12:49:02,495
[PRIORIDAD]INFO
[THREAD]main
[MENSAJE]Se inicia una nueva ejecución

[INICIO]
[DATE]01 ene 2006 12:51:18,350
[PRIORIDAD]INFO
[THREAD]main
[MENSAJE]----------------------------------------------------

[INICIO]
[DATE]01 ene 2006 12:51:18,352
[PRIORIDAD]INFO
[THREAD]main
[MENSAJE]Se inicia una nueva ejecución

[INICIO]
[DATE]01 ene 2006 12:55:46,673
[PRIORIDAD]INFO
[THREAD]main
[MENSAJE]----------------------------------------------------

[INICIO]
[DATE]01 ene 2006 12:55:46,674
[PRIORIDAD]INFO
[THREAD]main
[MENSAJE]Se inicia una nueva ejecución

[INICIO]
[DATE]01 ene 2006 14:42:34,559
[PRIORIDAD]INFO
[THREAD]main
[MENSAJE]----------------------------------------------------

[INICIO]
[DATE]01 ene 2006 14:42:34,590
[PRIORIDAD]INFO
[THREAD]main
[MENSAJE]Se inicia una nueva ejecución

[INICIO]
[DATE]01 ene 2006 14:43:29,965
[PRIORIDAD]INFO
[THREAD]main
[MENSAJE]----------------------------------------------------

[INICIO]
[DATE]01 ene 2006 14:43:29,966
[PRIORIDAD]INFO
[THREAD]main
[MENSAJE]Se inicia una nueva ejecución

[INICIO]
[DATE]01 ene 2006 14:46:14,487
[PRIORIDAD]INFO
[THREAD]main
[MENSAJE]----------------------------------------------------

[INICIO]
[DATE]01 ene 2006 14:46:14,488
[PRIORIDAD]INFO
[THREAD]main
[MENSAJE]Se inicia una nueva ejecución

[INICIO]
[DATE]04 ene 2006 17:56:14,717
[PRIORIDAD]INFO
[THREAD]main
[MENSAJE]----------------------------------------------------

[INICIO]
[DATE]04 ene 2006 17:56:14,750
[PRIORIDAD]INFO
[THREAD]main
[MENSAJE]Se inicia una nueva ejecución

[INICIO]
[DATE]04 ene 2006 18:03:23,305
[PRIORIDAD]INFO
[THREAD]main
[MENSAJE]----------------------------------------------------

[INICIO]
[DATE]04 ene 2006 18:03:23,314
[PRIORIDAD]INFO
[THREAD]main
[MENSAJE]Se inicia una nueva ejecución

[INICIO]
[DATE]04 ene 2006 18:12:50,326
[PRIORIDAD]INFO
[THREAD]main
[MENSAJE]----------------------------------------------------

[INICIO]
[DATE]04 ene 2006 18:12:50,327
[PRIORIDAD]INFO
[THREAD]main
[MENSAJE]Se inicia una nueva ejecución

[INICIO]
[DATE]05 ene 2006 14:11:03,659
[PRIORIDAD]INFO
[THREAD]main
[MENSAJE]----------------------------------------------------

[INICIO]
[DATE]05 ene 2006 14:11:03,684
[PRIORIDAD]INFO
[THREAD]main
[MENSAJE]Se inicia una nueva ejecución

[INICIO]
[DATE]05 ene 2006 14:48:29,624
[PRIORIDAD]INFO
[THREAD]main
[MENSAJE]----------------------------------------------------

[INICIO]
[DATE]05 ene 2006 14:48:29,625
[PRIORIDAD]INFO
[THREAD]main
[MENSAJE]Se inicia una nueva ejecución

[INICIO]
[DATE]05 ene 2006 14:50:18,932
[PRIORIDAD]INFO
[THREAD]main
[MENSAJE]----------------------------------------------------

[INICIO]
[DATE]05 ene 2006 14:50:18,934
[PRIORIDAD]INFO
[THREAD]main
[MENSAJE]Se inicia una nueva ejecución

[INICIO]
[DATE]07 ene 2006 12:32:02,960
[PRIORIDAD]INFO
[THREAD]main
[MENSAJE]----------------------------------------------------

[INICIO]
[DATE]07 ene 2006 12:32:02,993
[PRIORIDAD]INFO
[THREAD]main
[MENSAJE]Se inicia una nueva ejecución

[INICIO]
[DATE]07 ene 2006 12:50:15,787
[PRIORIDAD]INFO
[THREAD]main
[MENSAJE]----------------------------------------------------

[INICIO]
[DATE]07 ene 2006 12:50:15,788
[PRIORIDAD]INFO
[THREAD]main
[MENSAJE]Se inicia una nueva ejecución

[INICIO]
[DATE]07 ene 2006 12:56:37,168
[PRIORIDAD]INFO
[THREAD]main
[MENSAJE]----------------------------------------------------

[INICIO]
[DATE]07 ene 2006 12:56:37,169
[PRIORIDAD]INFO
[THREAD]main
[MENSAJE]Se inicia una nueva ejecución

[INICIO]
[DATE]07 ene 2006 13:01:29,073
[PRIORIDAD]INFO
[THREAD]main
[MENSAJE]----------------------------------------------------

[INICIO]
[DATE]07 ene 2006 13:01:29,074
[PRIORIDAD]INFO
[THREAD]main
[MENSAJE]Se inicia una nueva ejecución

[INICIO]
[DATE]08 ene 2006 01:54:27,478
[PRIORIDAD]INFO
[THREAD]main
[MENSAJE]----------------------------------------------------

[INICIO]
[DATE]08 ene 2006 01:54:27,519
[PRIORIDAD]INFO
[THREAD]main
[MENSAJE]Se inicia una nueva ejecución

[INICIO]
[DATE]08 ene 2006 01:55:18,525
[PRIORIDAD]INFO
[THREAD]main
[MENSAJE]----------------------------------------------------

[INICIO]
[DATE]08 ene 2006 01:55:18,526
[PRIORIDAD]INFO
[THREAD]main
[MENSAJE]Se inicia una nueva ejecución

[INICIO]
[DATE]08 ene 2006 01:58:17,736
[PRIORIDAD]INFO
[THREAD]main
[MENSAJE]----------------------------------------------------

[INICIO]
[DATE]08 ene 2006 01:58:17,737
[PRIORIDAD]INFO
[THREAD]main
[MENSAJE]Se inicia una nueva ejecución

[INICIO]
[DATE]08 ene 2006 01:59:53,768
[PRIORIDAD]INFO
[THREAD]main
[MENSAJE]----------------------------------------------------

[INICIO]
[DATE]08 ene 2006 01:59:53,769
[PRIORIDAD]INFO
[THREAD]main
[MENSAJE]Se inicia una nueva ejecución

[INICIO]
[DATE]08 ene 2006 02:00:41,081
[PRIORIDAD]INFO
[THREAD]main
[MENSAJE]----------------------------------------------------

[INICIO]
[DATE]08 ene 2006 02:00:41,082
[PRIORIDAD]INFO
[THREAD]main
[MENSAJE]Se inicia una nueva ejecución

[INICIO]
[DATE]08 ene 2006 12:07:34,254
[PRIORIDAD]INFO
[THREAD]main
[MENSAJE]----------------------------------------------------

[INICIO]
[DATE]08 ene 2006 12:07:34,356
[PRIORIDAD]INFO
[THREAD]main
[MENSAJE]Se inicia una nueva ejecución

[INICIO]
[DATE]08 ene 2006 12:10:50,938
[PRIORIDAD]INFO
[THREAD]main
[MENSAJE]----------------------------------------------------

[INICIO]
[DATE]08 ene 2006 12:10:50,939
[PRIORIDAD]INFO
[THREAD]main
[MENSAJE]Se inicia una nueva ejecución

[INICIO]
[DATE]08 ene 2006 12:11:11,719
[PRIORIDAD]INFO
[THREAD]main
[MENSAJE]----------------------------------------------------

[INICIO]
[DATE]08 ene 2006 12:11:11,720
[PRIORIDAD]INFO
[THREAD]main
[MENSAJE]Se inicia una nueva ejecución

[INICIO]
[DATE]08 ene 2006 12:55:55,695
[PRIORIDAD]INFO
[THREAD]main
[MENSAJE]----------------------------------------------------

[INICIO]
[DATE]08 ene 2006 12:55:55,739
[PRIORIDAD]INFO
[THREAD]main
[MENSAJE]Se inicia una nueva ejecución

[INICIO]
[DATE]08 ene 2006 13:10:35,395
[PRIORIDAD]INFO
[THREAD]main
[MENSAJE]----------------------------------------------------

[INICIO]
[DATE]08 ene 2006 13:10:35,397
[PRIORIDAD]INFO
[THREAD]main
[MENSAJE]Se inicia una nueva ejecución

[INICIO]
[DATE]08 ene 2006 13:43:07,834
[PRIORIDAD]INFO
[THREAD]main
[MENSAJE]----------------------------------------------------

[INICIO]
[DATE]08 ene 2006 13:43:07,835
[PRIORIDAD]INFO
[THREAD]main
[MENSAJE]Se inicia una nueva ejecución

[INICIO]
[DATE]09 ene 2006 16:47:18,146
[PRIORIDAD]INFO
[THREAD]main
[MENSAJE]----------------------------------------------------

[INICIO]
[DATE]09 ene 2006 16:47:18,179
[PRIORIDAD]INFO
[THREAD]main
[MENSAJE]Se inicia una nueva ejecución

[INICIO]
[DATE]09 ene 2006 16:51:23,397
[PRIORIDAD]INFO
[THREAD]main
[MENSAJE]----------------------------------------------------

[INICIO]
[DATE]09 ene 2006 16:51:23,399
[PRIORIDAD]INFO
[THREAD]main
[MENSAJE]Se inicia una nueva ejecución

[INICIO]
[DATE]09 ene 2006 16:55:52,583
[PRIORIDAD]INFO
[THREAD]main
[MENSAJE]----------------------------------------------------

[INICIO]
[DATE]09 ene 2006 16:55:52,584
[PRIORIDAD]INFO
[THREAD]main
[MENSAJE]Se inicia una nueva ejecución

[INICIO]
[DATE]09 ene 2006 16:57:37,445
[PRIORIDAD]INFO
[THREAD]main
[MENSAJE]----------------------------------------------------

[INICIO]
[DATE]09 ene 2006 16:57:37,446
[PRIORIDAD]INFO
[THREAD]main
[MENSAJE]Se inicia una nueva ejecución

[INICIO]
[DATE]09 ene 2006 16:58:24,113
[PRIORIDAD]INFO
[THREAD]main
[MENSAJE]----------------------------------------------------

[INICIO]
[DATE]09 ene 2006 16:58:24,114
[PRIORIDAD]INFO
[THREAD]main
[MENSAJE]Se inicia una nueva ejecución

[INICIO]
[DATE]09 ene 2006 16:59:50,576
[PRIORIDAD]INFO
[THREAD]main
[MENSAJE]----------------------------------------------------

[INICIO]
[DATE]09 ene 2006 16:59:50,577
[PRIORIDAD]INFO
[THREAD]main
[MENSAJE]Se inicia una nueva ejecución

[INICIO]
[DATE]09 ene 2006 17:02:43,044
[PRIORIDAD]INFO
[THREAD]main
[MENSAJE]----------------------------------------------------

[INICIO]
[DATE]09 ene 2006 17:02:43,045
[PRIORIDAD]INFO
[THREAD]main
[MENSAJE]Se inicia una nueva ejecución

[INICIO]
[DATE]09 ene 2006 17:10:55,412
[PRIORIDAD]INFO
[THREAD]main
[MENSAJE]----------------------------------------------------

[INICIO]
[DATE]09 ene 2006 17:10:55,414
[PRIORIDAD]INFO
[THREAD]main
[MENSAJE]Se inicia una nueva ejecución

[INICIO]
[DATE]09 ene 2006 17:13:07,504
[PRIORIDAD]INFO
[THREAD]main
[MENSAJE]----------------------------------------------------

[INICIO]
[DATE]09 ene 2006 17:13:07,505
[PRIORIDAD]INFO
[THREAD]main
[MENSAJE]Se inicia una nueva ejecución

[INICIO]
[DATE]09 ene 2006 17:14:35,933
[PRIORIDAD]INFO
[THREAD]main
[MENSAJE]----------------------------------------------------

[INICIO]
[DATE]09 ene 2006 17:14:35,934
[PRIORIDAD]INFO
[THREAD]main
[MENSAJE]Se inicia una nueva ejecución

[INICIO]
[DATE]09 ene 2006 17:29:16,487
[PRIORIDAD]INFO
[THREAD]main
[MENSAJE]----------------------------------------------------

[INICIO]
[DATE]09 ene 2006 17:29:16,488
[PRIORIDAD]INFO
[THREAD]main
[MENSAJE]Se inicia una nueva ejecución

[INICIO]
[DATE]09 ene 2006 17:31:19,803
[PRIORIDAD]INFO
[THREAD]main
[MENSAJE]----------------------------------------------------

[INICIO]
[DATE]09 ene 2006 17:31:19,806
[PRIORIDAD]INFO
[THREAD]main
[MENSAJE]Se inicia una nueva ejecución

[INICIO]
[DATE]09 ene 2006 17:52:03,468
[PRIORIDAD]INFO
[THREAD]main
[MENSAJE]----------------------------------------------------

[INICIO]
[DATE]09 ene 2006 17:52:03,469
[PRIORIDAD]INFO
[THREAD]main
[MENSAJE]Se inicia una nueva ejecución

[INICIO]
[DATE]09 ene 2006 17:53:48,635
[PRIORIDAD]INFO
[THREAD]main
[MENSAJE]----------------------------------------------------

[INICIO]
[DATE]09 ene 2006 17:53:48,636
[PRIORIDAD]INFO
[THREAD]main
[MENSAJE]Se inicia una nueva ejecución

[INICIO]
[DATE]13 ene 2006 12:41:45,876
[PRIORIDAD]INFO
[THREAD]main
[MENSAJE]----------------------------------------------------

[INICIO]
[DATE]13 ene 2006 12:41:45,906
[PRIORIDAD]INFO
[THREAD]main
[MENSAJE]Se inicia una nueva ejecución

[INICIO]
[DATE]13 ene 2006 12:43:40,976
[PRIORIDAD]INFO
[THREAD]main
[MENSAJE]----------------------------------------------------

[INICIO]
[DATE]13 ene 2006 12:43:40,977
[PRIORIDAD]INFO
[THREAD]main
[MENSAJE]Se inicia una nueva ejecución

[INICIO]
[DATE]18 ene 2006 11:16:47,216
[PRIORIDAD]INFO
[THREAD]main
[MENSAJE]----------------------------------------------------

[INICIO]
[DATE]18 ene 2006 11:16:47,238
[PRIORIDAD]INFO
[THREAD]main
[MENSAJE]Se inicia una nueva ejecución

[INICIO]
[DATE]06 feb 2006 14:10:43,598
[PRIORIDAD]INFO
[THREAD]main
[MENSAJE]----------------------------------------------------

[INICIO]
[DATE]06 feb 2006 14:10:43,624
[PRIORIDAD]INFO
[THREAD]main
[MENSAJE]Se inicia una nueva ejecución

[INICIO]
[DATE]07 feb 2006 13:35:30,844
[PRIORIDAD]INFO
[THREAD]main
[MENSAJE]----------------------------------------------------

[INICIO]
[DATE]07 feb 2006 13:35:30,872
[PRIORIDAD]INFO
[THREAD]main
[MENSAJE]Se inicia una nueva ejecución

[INICIO]
[DATE]07 feb 2006 13:35:47,080
[PRIORIDAD]INFO
[THREAD]main
[MENSAJE]----------------------------------------------------

[INICIO]
[DATE]07 feb 2006 13:35:47,090
[PRIORIDAD]INFO
[THREAD]main
[MENSAJE]Se inicia una nueva ejecución

[INICIO]
[DATE]07 feb 2006 13:42:03,866
[PRIORIDAD]INFO
[THREAD]main
[MENSAJE]----------------------------------------------------

[INICIO]
[DATE]07 feb 2006 13:42:03,867
[PRIORIDAD]INFO
[THREAD]main
[MENSAJE]Se inicia una nueva ejecución

[INICIO]
[DATE]07 feb 2006 13:46:25,373
[PRIORIDAD]INFO
[THREAD]main
[MENSAJE]----------------------------------------------------

[INICIO]
[DATE]07 feb 2006 13:46:25,374
[PRIORIDAD]INFO
[THREAD]main
[MENSAJE]Se inicia una nueva ejecución

[INICIO]
[DATE]07 feb 2006 22:50:28,382
[PRIORIDAD]INFO
[THREAD]main
[MENSAJE]----------------------------------------------------

[INICIO]
[DATE]07 feb 2006 22:50:28,408
[PRIORIDAD]INFO
[THREAD]main
[MENSAJE]Se inicia una nueva ejecución

[INICIO]
[DATE]07 feb 2006 22:51:11,432
[PRIORIDAD]INFO
[THREAD]main
[MENSAJE]----------------------------------------------------

[INICIO]
[DATE]07 feb 2006 22:51:11,433
[PRIORIDAD]INFO
[THREAD]main
[MENSAJE]Se inicia una nueva ejecución

[INICIO]
[DATE]07 feb 2006 22:52:26,259
[PRIORIDAD]INFO
[THREAD]main
[MENSAJE]----------------------------------------------------

[INICIO]
[DATE]07 feb 2006 22:52:26,261
[PRIORIDAD]INFO
[THREAD]main
[MENSAJE]Se inicia una nueva ejecución

[INICIO]
[DATE]07 feb 2006 22:55:25,132
[PRIORIDAD]INFO
[THREAD]main
[MENSAJE]----------------------------------------------------

[INICIO]
[DATE]07 feb 2006 22:55:25,187
[PRIORIDAD]INFO
[THREAD]main
[MENSAJE]Se inicia una nueva ejecución

